{"C:\\Users\\Frida\\joinville-version\\frontend\\src\\App.js": {"path":"C:\\Users\\Frida\\joinville-version\\frontend\\src\\App.js","statementMap":{"0":{"start":{"line":6,"column":38},"end":{"line":6,"column":53}},"1":{"start":{"line":7,"column":32},"end":{"line":7,"column":47}},"2":{"start":{"line":8,"column":34},"end":{"line":8,"column":46}},"3":{"start":{"line":10,"column":22},"end":{"line":14,"column":3}},"4":{"start":{"line":11,"column":4},"end":{"line":11,"column":31}},"5":{"start":{"line":12,"column":4},"end":{"line":12,"column":28}},"6":{"start":{"line":13,"column":4},"end":{"line":13,"column":33}},"7":{"start":{"line":16,"column":23},"end":{"line":21,"column":3}},"8":{"start":{"line":17,"column":4},"end":{"line":17,"column":37}},"9":{"start":{"line":18,"column":4},"end":{"line":18,"column":39}},"10":{"start":{"line":19,"column":4},"end":{"line":19,"column":25}},"11":{"start":{"line":20,"column":4},"end":{"line":20,"column":22}},"12":{"start":{"line":23,"column":2},"end":{"line":34,"column":4}}},"fnMap":{"0":{"name":"App","decl":{"start":{"line":5,"column":9},"end":{"line":5,"column":12}},"loc":{"start":{"line":5,"column":15},"end":{"line":35,"column":1}},"line":5},"1":{"name":"(anonymous_1)","decl":{"start":{"line":10,"column":22},"end":{"line":10,"column":23}},"loc":{"start":{"line":10,"column":69},"end":{"line":14,"column":3}},"line":10},"2":{"name":"(anonymous_2)","decl":{"start":{"line":16,"column":23},"end":{"line":16,"column":24}},"loc":{"start":{"line":16,"column":29},"end":{"line":21,"column":3}},"line":16},"3":{"name":"(anonymous_3)","decl":{"start":{"line":26,"column":55},"end":{"line":26,"column":56}},"loc":{"start":{"line":26,"column":61},"end":{"line":26,"column":63}},"line":26}},"branchMap":{"0":{"loc":{"start":{"line":25,"column":7},"end":{"line":32,"column":7}},"type":"cond-expr","locations":[{"start":{"line":26,"column":8},"end":{"line":26,"column":67}},{"start":{"line":28,"column":8},"end":{"line":31,"column":10}}],"line":25}},"s":{"0":0,"1":0,"2":0,"3":0,"4":0,"5":0,"6":0,"7":0,"8":0,"9":0,"10":0,"11":0,"12":0},"f":{"0":0,"1":0,"2":0,"3":0},"b":{"0":[0,0]}}
,"C:\\Users\\Frida\\joinville-version\\frontend\\src\\index.js": {"path":"C:\\Users\\Frida\\joinville-version\\frontend\\src\\index.js","statementMap":{"0":{"start":{"line":7,"column":13},"end":{"line":7,"column":65}},"1":{"start":{"line":8,"column":0},"end":{"line":12,"column":2}}},"fnMap":{},"branchMap":{},"s":{"0":0,"1":0},"f":{},"b":{}}
,"C:\\Users\\Frida\\joinville-version\\frontend\\src\\reportWebVitals.js": {"path":"C:\\Users\\Frida\\joinville-version\\frontend\\src\\reportWebVitals.js","statementMap":{"0":{"start":{"line":1,"column":24},"end":{"line":11,"column":1}},"1":{"start":{"line":2,"column":2},"end":{"line":10,"column":3}},"2":{"start":{"line":3,"column":4},"end":{"line":9,"column":7}},"3":{"start":{"line":4,"column":6},"end":{"line":4,"column":26}},"4":{"start":{"line":5,"column":6},"end":{"line":5,"column":26}},"5":{"start":{"line":6,"column":6},"end":{"line":6,"column":26}},"6":{"start":{"line":7,"column":6},"end":{"line":7,"column":26}},"7":{"start":{"line":8,"column":6},"end":{"line":8,"column":27}}},"fnMap":{"0":{"name":"(anonymous_0)","decl":{"start":{"line":1,"column":24},"end":{"line":1,"column":25}},"loc":{"start":{"line":1,"column":39},"end":{"line":11,"column":1}},"line":1},"1":{"name":"(anonymous_1)","decl":{"start":{"line":3,"column":30},"end":{"line":3,"column":31}},"loc":{"start":{"line":3,"column":79},"end":{"line":9,"column":5}},"line":3}},"branchMap":{"0":{"loc":{"start":{"line":2,"column":2},"end":{"line":10,"column":3}},"type":"if","locations":[{"start":{"line":2,"column":2},"end":{"line":10,"column":3}},{"start":{},"end":{}}],"line":2},"1":{"loc":{"start":{"line":2,"column":6},"end":{"line":2,"column":52}},"type":"binary-expr","locations":[{"start":{"line":2,"column":6},"end":{"line":2,"column":17}},{"start":{"line":2,"column":21},"end":{"line":2,"column":52}}],"line":2}},"s":{"0":0,"1":0,"2":0,"3":0,"4":0,"5":0,"6":0,"7":0},"f":{"0":0,"1":0},"b":{"0":[0,0],"1":[0,0]}}
,"C:\\Users\\Frida\\joinville-version\\frontend\\src\\components\\CasaraoFormPage.js": {"path":"C:\\Users\\Frida\\joinville-version\\frontend\\src\\components\\CasaraoFormPage.js","statementMap":{"0":{"start":{"line":7,"column":26},"end":{"line":7,"column":38}},"1":{"start":{"line":8,"column":40},"end":{"line":8,"column":52}},"2":{"start":{"line":9,"column":34},"end":{"line":9,"column":46}},"3":{"start":{"line":10,"column":24},"end":{"line":10,"column":36}},"4":{"start":{"line":11,"column":28},"end":{"line":11,"column":42}},"5":{"start":{"line":12,"column":26},"end":{"line":12,"column":38}},"6":{"start":{"line":13,"column":30},"end":{"line":13,"column":42}},"7":{"start":{"line":14,"column":40},"end":{"line":14,"column":54}},"8":{"start":{"line":16,"column":2},"end":{"line":25,"column":20}},"9":{"start":{"line":17,"column":4},"end":{"line":24,"column":5}},"10":{"start":{"line":18,"column":6},"end":{"line":18,"column":32}},"11":{"start":{"line":19,"column":6},"end":{"line":19,"column":46}},"12":{"start":{"line":20,"column":6},"end":{"line":20,"column":40}},"13":{"start":{"line":21,"column":6},"end":{"line":21,"column":36}},"14":{"start":{"line":22,"column":6},"end":{"line":22,"column":71}},"15":{"start":{"line":23,"column":6},"end":{"line":23,"column":38}},"16":{"start":{"line":27,"column":26},"end":{"line":52,"column":3}},"17":{"start":{"line":28,"column":4},"end":{"line":28,"column":27}},"18":{"start":{"line":30,"column":4},"end":{"line":51,"column":5}},"19":{"start":{"line":31,"column":6},"end":{"line":50,"column":7}},"20":{"start":{"line":32,"column":25},"end":{"line":32,"column":88}},"21":{"start":{"line":33,"column":21},"end":{"line":33,"column":42}},"22":{"start":{"line":35,"column":8},"end":{"line":47,"column":9}},"23":{"start":{"line":36,"column":27},"end":{"line":36,"column":96}},"24":{"start":{"line":37,"column":10},"end":{"line":37,"column":32}},"25":{"start":{"line":40,"column":34},"end":{"line":40,"column":117}},"26":{"start":{"line":41,"column":30},"end":{"line":41,"column":58}},"27":{"start":{"line":43,"column":10},"end":{"line":46,"column":11}},"28":{"start":{"line":44,"column":33},"end":{"line":44,"column":47}},"29":{"start":{"line":45,"column":12},"end":{"line":45,"column":39}},"30":{"start":{"line":49,"column":8},"end":{"line":49,"column":67}},"31":{"start":{"line":54,"column":27},"end":{"line":64,"column":3}},"32":{"start":{"line":55,"column":17},"end":{"line":55,"column":38}},"33":{"start":{"line":56,"column":4},"end":{"line":63,"column":5}},"34":{"start":{"line":57,"column":21},"end":{"line":57,"column":37}},"35":{"start":{"line":58,"column":6},"end":{"line":61,"column":8}},"36":{"start":{"line":59,"column":29},"end":{"line":59,"column":56}},"37":{"start":{"line":60,"column":8},"end":{"line":60,"column":32}},"38":{"start":{"line":62,"column":6},"end":{"line":62,"column":33}},"39":{"start":{"line":66,"column":23},"end":{"line":92,"column":3}},"40":{"start":{"line":67,"column":4},"end":{"line":67,"column":23}},"41":{"start":{"line":69,"column":15},"end":{"line":75,"column":5}},"42":{"start":{"line":77,"column":4},"end":{"line":79,"column":5}},"43":{"start":{"line":78,"column":6},"end":{"line":78,"column":31}},"44":{"start":{"line":81,"column":4},"end":{"line":81,"column":41}},"45":{"start":{"line":84,"column":4},"end":{"line":84,"column":16}},"46":{"start":{"line":85,"column":4},"end":{"line":85,"column":23}},"47":{"start":{"line":86,"column":4},"end":{"line":86,"column":20}},"48":{"start":{"line":87,"column":4},"end":{"line":87,"column":15}},"49":{"start":{"line":88,"column":4},"end":{"line":88,"column":16}},"50":{"start":{"line":89,"column":4},"end":{"line":89,"column":19}},"51":{"start":{"line":90,"column":4},"end":{"line":90,"column":18}},"52":{"start":{"line":91,"column":4},"end":{"line":91,"column":25}},"53":{"start":{"line":94,"column":2},"end":{"line":180,"column":4}},"54":{"start":{"line":102,"column":27},"end":{"line":102,"column":50}},"55":{"start":{"line":109,"column":27},"end":{"line":109,"column":57}},"56":{"start":{"line":117,"column":27},"end":{"line":117,"column":54}},"57":{"start":{"line":133,"column":27},"end":{"line":133,"column":50}},"58":{"start":{"line":184,"column":15},"end":{"line":261,"column":1}}},"fnMap":{"0":{"name":"CasaraoFormPage","decl":{"start":{"line":6,"column":9},"end":{"line":6,"column":24}},"loc":{"start":{"line":6,"column":52},"end":{"line":181,"column":1}},"line":6},"1":{"name":"(anonymous_1)","decl":{"start":{"line":16,"column":12},"end":{"line":16,"column":13}},"loc":{"start":{"line":16,"column":18},"end":{"line":25,"column":3}},"line":16},"2":{"name":"(anonymous_2)","decl":{"start":{"line":27,"column":26},"end":{"line":27,"column":27}},"loc":{"start":{"line":27,"column":39},"end":{"line":52,"column":3}},"line":27},"3":{"name":"(anonymous_3)","decl":{"start":{"line":54,"column":27},"end":{"line":54,"column":28}},"loc":{"start":{"line":54,"column":38},"end":{"line":64,"column":3}},"line":54},"4":{"name":"(anonymous_4)","decl":{"start":{"line":58,"column":22},"end":{"line":58,"column":23}},"loc":{"start":{"line":58,"column":28},"end":{"line":61,"column":7}},"line":58},"5":{"name":"(anonymous_5)","decl":{"start":{"line":66,"column":23},"end":{"line":66,"column":24}},"loc":{"start":{"line":66,"column":30},"end":{"line":92,"column":3}},"line":66},"6":{"name":"(anonymous_6)","decl":{"start":{"line":102,"column":20},"end":{"line":102,"column":21}},"loc":{"start":{"line":102,"column":27},"end":{"line":102,"column":50}},"line":102},"7":{"name":"(anonymous_7)","decl":{"start":{"line":109,"column":20},"end":{"line":109,"column":21}},"loc":{"start":{"line":109,"column":27},"end":{"line":109,"column":57}},"line":109},"8":{"name":"(anonymous_8)","decl":{"start":{"line":117,"column":20},"end":{"line":117,"column":21}},"loc":{"start":{"line":117,"column":27},"end":{"line":117,"column":54}},"line":117},"9":{"name":"(anonymous_9)","decl":{"start":{"line":133,"column":20},"end":{"line":133,"column":21}},"loc":{"start":{"line":133,"column":27},"end":{"line":133,"column":50}},"line":133}},"branchMap":{"0":{"loc":{"start":{"line":17,"column":4},"end":{"line":24,"column":5}},"type":"if","locations":[{"start":{"line":17,"column":4},"end":{"line":24,"column":5}},{"start":{},"end":{}}],"line":17},"1":{"loc":{"start":{"line":21,"column":13},"end":{"line":21,"column":34}},"type":"binary-expr","locations":[{"start":{"line":21,"column":13},"end":{"line":21,"column":28}},{"start":{"line":21,"column":32},"end":{"line":21,"column":34}}],"line":21},"2":{"loc":{"start":{"line":22,"column":15},"end":{"line":22,"column":69}},"type":"cond-expr","locations":[{"start":{"line":22,"column":40},"end":{"line":22,"column":62}},{"start":{"line":22,"column":65},"end":{"line":22,"column":69}}],"line":22},"3":{"loc":{"start":{"line":23,"column":14},"end":{"line":23,"column":36}},"type":"binary-expr","locations":[{"start":{"line":23,"column":14},"end":{"line":23,"column":30}},{"start":{"line":23,"column":34},"end":{"line":23,"column":36}}],"line":23},"4":{"loc":{"start":{"line":30,"column":4},"end":{"line":51,"column":5}},"type":"if","locations":[{"start":{"line":30,"column":4},"end":{"line":51,"column":5}},{"start":{},"end":{}}],"line":30},"5":{"loc":{"start":{"line":35,"column":8},"end":{"line":47,"column":9}},"type":"if","locations":[{"start":{"line":35,"column":8},"end":{"line":47,"column":9}},{"start":{},"end":{}}],"line":35},"6":{"loc":{"start":{"line":43,"column":10},"end":{"line":46,"column":11}},"type":"if","locations":[{"start":{"line":43,"column":10},"end":{"line":46,"column":11}},{"start":{},"end":{}}],"line":43},"7":{"loc":{"start":{"line":56,"column":4},"end":{"line":63,"column":5}},"type":"if","locations":[{"start":{"line":56,"column":4},"end":{"line":63,"column":5}},{"start":{},"end":{}}],"line":56},"8":{"loc":{"start":{"line":74,"column":12},"end":{"line":74,"column":24}},"type":"binary-expr","locations":[{"start":{"line":74,"column":12},"end":{"line":74,"column":16}},{"start":{"line":74,"column":20},"end":{"line":74,"column":24}}],"line":74},"9":{"loc":{"start":{"line":77,"column":4},"end":{"line":79,"column":5}},"type":"if","locations":[{"start":{"line":77,"column":4},"end":{"line":79,"column":5}},{"start":{},"end":{}}],"line":77},"10":{"loc":{"start":{"line":96,"column":32},"end":{"line":96,"column":89}},"type":"cond-expr","locations":[{"start":{"line":96,"column":46},"end":{"line":96,"column":62}},{"start":{"line":96,"column":65},"end":{"line":96,"column":89}}],"line":96},"11":{"loc":{"start":{"line":136,"column":11},"end":{"line":145,"column":9}},"type":"binary-expr","locations":[{"start":{"line":136,"column":11},"end":{"line":136,"column":17}},{"start":{"line":137,"column":10},"end":{"line":144,"column":16}}],"line":136},"12":{"loc":{"start":{"line":157,"column":11},"end":{"line":157,"column":58}},"type":"cond-expr","locations":[{"start":{"line":157,"column":25},"end":{"line":157,"column":44}},{"start":{"line":157,"column":47},"end":{"line":157,"column":58}}],"line":157},"13":{"loc":{"start":{"line":160,"column":7},"end":{"line":178,"column":7}},"type":"binary-expr","locations":[{"start":{"line":160,"column":7},"end":{"line":160,"column":18}},{"start":{"line":161,"column":8},"end":{"line":177,"column":23}}],"line":160}},"s":{"0":0,"1":0,"2":0,"3":0,"4":0,"5":0,"6":0,"7":0,"8":0,"9":0,"10":0,"11":0,"12":0,"13":0,"14":0,"15":0,"16":0,"17":0,"18":0,"19":0,"20":0,"21":0,"22":0,"23":0,"24":0,"25":0,"26":0,"27":0,"28":0,"29":0,"30":0,"31":0,"32":0,"33":0,"34":0,"35":0,"36":0,"37":0,"38":0,"39":0,"40":0,"41":0,"42":0,"43":0,"44":0,"45":0,"46":0,"47":0,"48":0,"49":0,"50":0,"51":0,"52":0,"53":0,"54":0,"55":0,"56":0,"57":0,"58":0},"f":{"0":0,"1":0,"2":0,"3":0,"4":0,"5":0,"6":0,"7":0,"8":0,"9":0},"b":{"0":[0,0],"1":[0,0],"2":[0,0],"3":[0,0],"4":[0,0],"5":[0,0],"6":[0,0],"7":[0,0],"8":[0,0],"9":[0,0],"10":[0,0],"11":[0,0],"12":[0,0],"13":[0,0]}}
,"C:\\Users\\Frida\\joinville-version\\frontend\\src\\components\\CasaraoListPage.js": {"path":"C:\\Users\\Frida\\joinville-version\\frontend\\src\\components\\CasaraoListPage.js","statementMap":{"0":{"start":{"line":11,"column":2},"end":{"line":11,"column":53}},"1":{"start":{"line":12,"column":2},"end":{"line":12,"column":72}},"2":{"start":{"line":14,"column":34},"end":{"line":14,"column":46}},"3":{"start":{"line":15,"column":42},"end":{"line":15,"column":57}},"4":{"start":{"line":16,"column":34},"end":{"line":16,"column":49}},"5":{"start":{"line":17,"column":28},"end":{"line":17,"column":42}},"6":{"start":{"line":18,"column":44},"end":{"line":18,"column":58}},"7":{"start":{"line":19,"column":36},"end":{"line":22,"column":4}},"8":{"start":{"line":20,"column":27},"end":{"line":20,"column":60}},"9":{"start":{"line":21,"column":4},"end":{"line":21,"column":60}},"10":{"start":{"line":23,"column":36},"end":{"line":26,"column":4}},"11":{"start":{"line":24,"column":27},"end":{"line":24,"column":60}},"12":{"start":{"line":25,"column":4},"end":{"line":25,"column":60}},"13":{"start":{"line":27,"column":40},"end":{"line":30,"column":4}},"14":{"start":{"line":28,"column":29},"end":{"line":28,"column":64}},"15":{"start":{"line":29,"column":4},"end":{"line":29,"column":64}},"16":{"start":{"line":32,"column":36},"end":{"line":32,"column":51}},"17":{"start":{"line":33,"column":38},"end":{"line":33,"column":50}},"18":{"start":{"line":34,"column":46},"end":{"line":34,"column":58}},"19":{"start":{"line":36,"column":40},"end":{"line":36,"column":54}},"20":{"start":{"line":38,"column":24},"end":{"line":52,"column":3}},"21":{"start":{"line":39,"column":4},"end":{"line":51,"column":5}},"22":{"start":{"line":40,"column":23},"end":{"line":40,"column":90}},"23":{"start":{"line":42,"column":6},"end":{"line":42,"column":96}},"24":{"start":{"line":42,"column":24},"end":{"line":42,"column":96}},"25":{"start":{"line":45,"column":19},"end":{"line":45,"column":40}},"26":{"start":{"line":46,"column":6},"end":{"line":46,"column":24}},"27":{"start":{"line":47,"column":6},"end":{"line":47,"column":21}},"28":{"start":{"line":49,"column":6},"end":{"line":49,"column":60}},"29":{"start":{"line":50,"column":6},"end":{"line":50,"column":30}},"30":{"start":{"line":54,"column":2},"end":{"line":58,"column":17}},"31":{"start":{"line":55,"column":4},"end":{"line":57,"column":5}},"32":{"start":{"line":56,"column":6},"end":{"line":56,"column":22}},"33":{"start":{"line":60,"column":30},"end":{"line":64,"column":3}},"34":{"start":{"line":61,"column":4},"end":{"line":61,"column":26}},"35":{"start":{"line":62,"column":4},"end":{"line":62,"column":23}},"36":{"start":{"line":63,"column":4},"end":{"line":63,"column":27}},"37":{"start":{"line":66,"column":31},"end":{"line":72,"column":3}},"38":{"start":{"line":67,"column":4},"end":{"line":67,"column":33}},"39":{"start":{"line":67,"column":26},"end":{"line":67,"column":31}},"40":{"start":{"line":68,"column":4},"end":{"line":68,"column":27}},"41":{"start":{"line":69,"column":4},"end":{"line":71,"column":5}},"42":{"start":{"line":70,"column":6},"end":{"line":70,"column":22}},"43":{"start":{"line":73,"column":26},"end":{"line":75,"column":3}},"44":{"start":{"line":74,"column":4},"end":{"line":74,"column":29}},"45":{"start":{"line":76,"column":23},"end":{"line":86,"column":3}},"46":{"start":{"line":77,"column":4},"end":{"line":77,"column":27}},"47":{"start":{"line":79,"column":4},"end":{"line":82,"column":5}},"48":{"start":{"line":80,"column":6},"end":{"line":80,"column":63}},"49":{"start":{"line":81,"column":6},"end":{"line":81,"column":13}},"50":{"start":{"line":84,"column":4},"end":{"line":84,"column":55}},"51":{"start":{"line":85,"column":4},"end":{"line":85,"column":22}},"52":{"start":{"line":88,"column":26},"end":{"line":97,"column":3}},"53":{"start":{"line":89,"column":4},"end":{"line":96,"column":7}},"54":{"start":{"line":90,"column":27},"end":{"line":92,"column":28}},"55":{"start":{"line":90,"column":49},"end":{"line":90,"column":75}},"56":{"start":{"line":91,"column":34},"end":{"line":91,"column":60}},"57":{"start":{"line":94,"column":6},"end":{"line":94,"column":70}},"58":{"start":{"line":95,"column":6},"end":{"line":95,"column":26}},"59":{"start":{"line":99,"column":31},"end":{"line":108,"column":3}},"60":{"start":{"line":100,"column":4},"end":{"line":107,"column":7}},"61":{"start":{"line":101,"column":27},"end":{"line":103,"column":28}},"62":{"start":{"line":101,"column":49},"end":{"line":101,"column":75}},"63":{"start":{"line":102,"column":34},"end":{"line":102,"column":60}},"64":{"start":{"line":105,"column":6},"end":{"line":105,"column":70}},"65":{"start":{"line":106,"column":6},"end":{"line":106,"column":26}},"66":{"start":{"line":109,"column":27},"end":{"line":111,"column":3}},"67":{"start":{"line":110,"column":4},"end":{"line":110,"column":82}},"68":{"start":{"line":110,"column":26},"end":{"line":110,"column":80}},"69":{"start":{"line":110,"column":51},"end":{"line":110,"column":79}},"70":{"start":{"line":113,"column":32},"end":{"line":115,"column":3}},"71":{"start":{"line":114,"column":4},"end":{"line":114,"column":27}},"72":{"start":{"line":118,"column":29},"end":{"line":133,"column":1}},"73":{"start":{"line":119,"column":2},"end":{"line":119,"column":78}},"74":{"start":{"line":119,"column":71},"end":{"line":119,"column":78}},"75":{"start":{"line":121,"column":2},"end":{"line":132,"column":3}},"76":{"start":{"line":122,"column":21},"end":{"line":124,"column":6}},"77":{"start":{"line":126,"column":4},"end":{"line":126,"column":91}},"78":{"start":{"line":126,"column":22},"end":{"line":126,"column":91}},"79":{"start":{"line":128,"column":4},"end":{"line":128,"column":78}},"80":{"start":{"line":128,"column":26},"end":{"line":128,"column":76}},"81":{"start":{"line":128,"column":51},"end":{"line":128,"column":75}},"82":{"start":{"line":130,"column":4},"end":{"line":130,"column":55}},"83":{"start":{"line":131,"column":4},"end":{"line":131,"column":57}},"84":{"start":{"line":135,"column":30},"end":{"line":160,"column":3}},"85":{"start":{"line":137,"column":4},"end":{"line":137,"column":36}},"86":{"start":{"line":138,"column":4},"end":{"line":159,"column":5}},"87":{"start":{"line":139,"column":21},"end":{"line":139,"column":55}},"88":{"start":{"line":140,"column":18},"end":{"line":142,"column":64}},"89":{"start":{"line":143,"column":25},"end":{"line":149,"column":10}},"90":{"start":{"line":151,"column":6},"end":{"line":151,"column":92}},"91":{"start":{"line":151,"column":24},"end":{"line":151,"column":92}},"92":{"start":{"line":153,"column":6},"end":{"line":153,"column":22}},"93":{"start":{"line":154,"column":6},"end":{"line":154,"column":29}},"94":{"start":{"line":155,"column":6},"end":{"line":155,"column":24}},"95":{"start":{"line":157,"column":6},"end":{"line":157,"column":56}},"96":{"start":{"line":158,"column":6},"end":{"line":158,"column":58}},"97":{"start":{"line":162,"column":26},"end":{"line":166,"column":3}},"98":{"start":{"line":163,"column":4},"end":{"line":163,"column":30}},"99":{"start":{"line":164,"column":4},"end":{"line":164,"column":26}},"100":{"start":{"line":165,"column":4},"end":{"line":165,"column":23}},"101":{"start":{"line":168,"column":27},"end":{"line":177,"column":3}},"102":{"start":{"line":169,"column":4},"end":{"line":176,"column":7}},"103":{"start":{"line":170,"column":29},"end":{"line":173,"column":7}},"104":{"start":{"line":174,"column":6},"end":{"line":174,"column":74}},"105":{"start":{"line":175,"column":6},"end":{"line":175,"column":28}},"106":{"start":{"line":179,"column":33},"end":{"line":199,"column":3}},"107":{"start":{"line":180,"column":4},"end":{"line":198,"column":5}},"108":{"start":{"line":181,"column":23},"end":{"line":181,"column":75}},"109":{"start":{"line":182,"column":19},"end":{"line":182,"column":40}},"110":{"start":{"line":184,"column":6},"end":{"line":195,"column":7}},"111":{"start":{"line":185,"column":25},"end":{"line":185,"column":94}},"112":{"start":{"line":188,"column":32},"end":{"line":188,"column":115}},"113":{"start":{"line":189,"column":28},"end":{"line":189,"column":56}},"114":{"start":{"line":191,"column":8},"end":{"line":194,"column":9}},"115":{"start":{"line":192,"column":31},"end":{"line":192,"column":45}},"116":{"start":{"line":193,"column":10},"end":{"line":193,"column":37}},"117":{"start":{"line":197,"column":6},"end":{"line":197,"column":65}},"118":{"start":{"line":201,"column":2},"end":{"line":428,"column":4}},"119":{"start":{"line":252,"column":31},"end":{"line":252,"column":60}},"120":{"start":{"line":283,"column":16},"end":{"line":388,"column":21}},"121":{"start":{"line":297,"column":10},"end":{"line":297,"column":57}},"122":{"start":{"line":311,"column":45},"end":{"line":311,"column":69}},"123":{"start":{"line":314,"column":45},"end":{"line":314,"column":76}},"124":{"start":{"line":323,"column":41},"end":{"line":323,"column":65}},"125":{"start":{"line":329,"column":64},"end":{"line":329,"column":90}},"126":{"start":{"line":336,"column":41},"end":{"line":336,"column":70}},"127":{"start":{"line":342,"column":64},"end":{"line":342,"column":90}},"128":{"start":{"line":353,"column":28},"end":{"line":353,"column":79}},"129":{"start":{"line":360,"column":28},"end":{"line":363,"column":29}},"130":{"start":{"line":361,"column":30},"end":{"line":361,"column":75}},"131":{"start":{"line":362,"column":30},"end":{"line":362,"column":50}},"132":{"start":{"line":372,"column":43},"end":{"line":372,"column":78}},"133":{"start":{"line":402,"column":16},"end":{"line":402,"column":58}},"134":{"start":{"line":412,"column":16},"end":{"line":412,"column":58}},"135":{"start":{"line":433,"column":15},"end":{"line":659,"column":1}}},"fnMap":{"0":{"name":"CasaraoListPage","decl":{"start":{"line":10,"column":9},"end":{"line":10,"column":24}},"loc":{"start":{"line":10,"column":48},"end":{"line":429,"column":1}},"line":10},"1":{"name":"(anonymous_1)","decl":{"start":{"line":19,"column":45},"end":{"line":19,"column":46}},"loc":{"start":{"line":19,"column":51},"end":{"line":22,"column":3}},"line":19},"2":{"name":"(anonymous_2)","decl":{"start":{"line":23,"column":45},"end":{"line":23,"column":46}},"loc":{"start":{"line":23,"column":51},"end":{"line":26,"column":3}},"line":23},"3":{"name":"(anonymous_3)","decl":{"start":{"line":27,"column":49},"end":{"line":27,"column":50}},"loc":{"start":{"line":27,"column":55},"end":{"line":30,"column":3}},"line":27},"4":{"name":"(anonymous_4)","decl":{"start":{"line":38,"column":24},"end":{"line":38,"column":25}},"loc":{"start":{"line":38,"column":36},"end":{"line":52,"column":3}},"line":38},"5":{"name":"(anonymous_5)","decl":{"start":{"line":54,"column":12},"end":{"line":54,"column":13}},"loc":{"start":{"line":54,"column":18},"end":{"line":58,"column":3}},"line":54},"6":{"name":"(anonymous_6)","decl":{"start":{"line":60,"column":30},"end":{"line":60,"column":31}},"loc":{"start":{"line":60,"column":36},"end":{"line":64,"column":3}},"line":60},"7":{"name":"(anonymous_7)","decl":{"start":{"line":66,"column":31},"end":{"line":66,"column":32}},"loc":{"start":{"line":66,"column":37},"end":{"line":72,"column":3}},"line":66},"8":{"name":"(anonymous_8)","decl":{"start":{"line":67,"column":16},"end":{"line":67,"column":17}},"loc":{"start":{"line":67,"column":26},"end":{"line":67,"column":31}},"line":67},"9":{"name":"(anonymous_9)","decl":{"start":{"line":73,"column":26},"end":{"line":73,"column":27}},"loc":{"start":{"line":73,"column":32},"end":{"line":75,"column":3}},"line":73},"10":{"name":"(anonymous_10)","decl":{"start":{"line":76,"column":23},"end":{"line":76,"column":24}},"loc":{"start":{"line":76,"column":34},"end":{"line":86,"column":3}},"line":76},"11":{"name":"(anonymous_11)","decl":{"start":{"line":88,"column":26},"end":{"line":88,"column":27}},"loc":{"start":{"line":88,"column":39},"end":{"line":97,"column":3}},"line":88},"12":{"name":"(anonymous_12)","decl":{"start":{"line":89,"column":17},"end":{"line":89,"column":18}},"loc":{"start":{"line":89,"column":27},"end":{"line":96,"column":5}},"line":89},"13":{"name":"(anonymous_13)","decl":{"start":{"line":90,"column":37},"end":{"line":90,"column":38}},"loc":{"start":{"line":90,"column":49},"end":{"line":90,"column":75}},"line":90},"14":{"name":"(anonymous_14)","decl":{"start":{"line":91,"column":22},"end":{"line":91,"column":23}},"loc":{"start":{"line":91,"column":34},"end":{"line":91,"column":60}},"line":91},"15":{"name":"(anonymous_15)","decl":{"start":{"line":99,"column":31},"end":{"line":99,"column":32}},"loc":{"start":{"line":99,"column":44},"end":{"line":108,"column":3}},"line":99},"16":{"name":"(anonymous_16)","decl":{"start":{"line":100,"column":17},"end":{"line":100,"column":18}},"loc":{"start":{"line":100,"column":27},"end":{"line":107,"column":5}},"line":100},"17":{"name":"(anonymous_17)","decl":{"start":{"line":101,"column":37},"end":{"line":101,"column":38}},"loc":{"start":{"line":101,"column":49},"end":{"line":101,"column":75}},"line":101},"18":{"name":"(anonymous_18)","decl":{"start":{"line":102,"column":22},"end":{"line":102,"column":23}},"loc":{"start":{"line":102,"column":34},"end":{"line":102,"column":60}},"line":102},"19":{"name":"(anonymous_19)","decl":{"start":{"line":109,"column":27},"end":{"line":109,"column":28}},"loc":{"start":{"line":109,"column":33},"end":{"line":111,"column":3}},"line":109},"20":{"name":"(anonymous_20)","decl":{"start":{"line":110,"column":16},"end":{"line":110,"column":17}},"loc":{"start":{"line":110,"column":26},"end":{"line":110,"column":80}},"line":110},"21":{"name":"(anonymous_21)","decl":{"start":{"line":110,"column":41},"end":{"line":110,"column":42}},"loc":{"start":{"line":110,"column":51},"end":{"line":110,"column":79}},"line":110},"22":{"name":"(anonymous_22)","decl":{"start":{"line":113,"column":32},"end":{"line":113,"column":33}},"loc":{"start":{"line":113,"column":38},"end":{"line":115,"column":3}},"line":113},"23":{"name":"(anonymous_23)","decl":{"start":{"line":118,"column":29},"end":{"line":118,"column":30}},"loc":{"start":{"line":118,"column":50},"end":{"line":133,"column":1}},"line":118},"24":{"name":"(anonymous_24)","decl":{"start":{"line":128,"column":16},"end":{"line":128,"column":17}},"loc":{"start":{"line":128,"column":26},"end":{"line":128,"column":76}},"line":128},"25":{"name":"(anonymous_25)","decl":{"start":{"line":128,"column":38},"end":{"line":128,"column":39}},"loc":{"start":{"line":128,"column":51},"end":{"line":128,"column":75}},"line":128},"26":{"name":"(anonymous_26)","decl":{"start":{"line":135,"column":30},"end":{"line":135,"column":31}},"loc":{"start":{"line":135,"column":60},"end":{"line":160,"column":3}},"line":135},"27":{"name":"(anonymous_27)","decl":{"start":{"line":162,"column":26},"end":{"line":162,"column":27}},"loc":{"start":{"line":162,"column":39},"end":{"line":166,"column":3}},"line":162},"28":{"name":"(anonymous_28)","decl":{"start":{"line":168,"column":27},"end":{"line":168,"column":28}},"loc":{"start":{"line":168,"column":51},"end":{"line":177,"column":3}},"line":168},"29":{"name":"(anonymous_29)","decl":{"start":{"line":169,"column":19},"end":{"line":169,"column":20}},"loc":{"start":{"line":169,"column":29},"end":{"line":176,"column":5}},"line":169},"30":{"name":"(anonymous_30)","decl":{"start":{"line":179,"column":33},"end":{"line":179,"column":34}},"loc":{"start":{"line":179,"column":48},"end":{"line":199,"column":3}},"line":179},"31":{"name":"(anonymous_31)","decl":{"start":{"line":252,"column":24},"end":{"line":252,"column":25}},"loc":{"start":{"line":252,"column":31},"end":{"line":252,"column":60}},"line":252},"32":{"name":"(anonymous_32)","decl":{"start":{"line":282,"column":28},"end":{"line":282,"column":29}},"loc":{"start":{"line":283,"column":16},"end":{"line":388,"column":21}},"line":283},"33":{"name":"(anonymous_33)","decl":{"start":{"line":296,"column":17},"end":{"line":296,"column":18}},"loc":{"start":{"line":296,"column":24},"end":{"line":298,"column":9}},"line":296},"34":{"name":"(anonymous_34)","decl":{"start":{"line":311,"column":39},"end":{"line":311,"column":40}},"loc":{"start":{"line":311,"column":45},"end":{"line":311,"column":69}},"line":311},"35":{"name":"(anonymous_35)","decl":{"start":{"line":314,"column":39},"end":{"line":314,"column":40}},"loc":{"start":{"line":314,"column":45},"end":{"line":314,"column":76}},"line":314},"36":{"name":"(anonymous_36)","decl":{"start":{"line":323,"column":35},"end":{"line":323,"column":36}},"loc":{"start":{"line":323,"column":41},"end":{"line":323,"column":65}},"line":323},"37":{"name":"(anonymous_37)","decl":{"start":{"line":329,"column":52},"end":{"line":329,"column":53}},"loc":{"start":{"line":329,"column":64},"end":{"line":329,"column":90}},"line":329},"38":{"name":"(anonymous_38)","decl":{"start":{"line":336,"column":35},"end":{"line":336,"column":36}},"loc":{"start":{"line":336,"column":41},"end":{"line":336,"column":70}},"line":336},"39":{"name":"(anonymous_39)","decl":{"start":{"line":342,"column":52},"end":{"line":342,"column":53}},"loc":{"start":{"line":342,"column":64},"end":{"line":342,"column":90}},"line":342},"40":{"name":"(anonymous_40)","decl":{"start":{"line":352,"column":63},"end":{"line":352,"column":64}},"loc":{"start":{"line":353,"column":28},"end":{"line":353,"column":79}},"line":353},"41":{"name":"(anonymous_41)","decl":{"start":{"line":359,"column":37},"end":{"line":359,"column":38}},"loc":{"start":{"line":359,"column":44},"end":{"line":364,"column":27}},"line":359},"42":{"name":"(anonymous_42)","decl":{"start":{"line":372,"column":37},"end":{"line":372,"column":38}},"loc":{"start":{"line":372,"column":43},"end":{"line":372,"column":78}},"line":372},"43":{"name":"(anonymous_43)","decl":{"start":{"line":401,"column":28},"end":{"line":401,"column":29}},"loc":{"start":{"line":402,"column":16},"end":{"line":402,"column":58}},"line":402},"44":{"name":"(anonymous_44)","decl":{"start":{"line":411,"column":28},"end":{"line":411,"column":29}},"loc":{"start":{"line":412,"column":16},"end":{"line":412,"column":58}},"line":412}},"branchMap":{"0":{"loc":{"start":{"line":21,"column":11},"end":{"line":21,"column":59}},"type":"cond-expr","locations":[{"start":{"line":21,"column":28},"end":{"line":21,"column":54}},{"start":{"line":21,"column":57},"end":{"line":21,"column":59}}],"line":21},"1":{"loc":{"start":{"line":25,"column":11},"end":{"line":25,"column":59}},"type":"cond-expr","locations":[{"start":{"line":25,"column":28},"end":{"line":25,"column":54}},{"start":{"line":25,"column":57},"end":{"line":25,"column":59}}],"line":25},"2":{"loc":{"start":{"line":29,"column":11},"end":{"line":29,"column":63}},"type":"cond-expr","locations":[{"start":{"line":29,"column":30},"end":{"line":29,"column":58}},{"start":{"line":29,"column":61},"end":{"line":29,"column":63}}],"line":29},"3":{"loc":{"start":{"line":42,"column":6},"end":{"line":42,"column":96}},"type":"if","locations":[{"start":{"line":42,"column":6},"end":{"line":42,"column":96}},{"start":{},"end":{}}],"line":42},"4":{"loc":{"start":{"line":55,"column":4},"end":{"line":57,"column":5}},"type":"if","locations":[{"start":{"line":55,"column":4},"end":{"line":57,"column":5}},{"start":{},"end":{}}],"line":55},"5":{"loc":{"start":{"line":69,"column":4},"end":{"line":71,"column":5}},"type":"if","locations":[{"start":{"line":69,"column":4},"end":{"line":71,"column":5}},{"start":{},"end":{}}],"line":69},"6":{"loc":{"start":{"line":79,"column":4},"end":{"line":82,"column":5}},"type":"if","locations":[{"start":{"line":79,"column":4},"end":{"line":82,"column":5}},{"start":{},"end":{}}],"line":79},"7":{"loc":{"start":{"line":90,"column":27},"end":{"line":92,"column":28}},"type":"cond-expr","locations":[{"start":{"line":91,"column":10},"end":{"line":91,"column":61}},{"start":{"line":92,"column":10},"end":{"line":92,"column":28}}],"line":90},"8":{"loc":{"start":{"line":101,"column":27},"end":{"line":103,"column":28}},"type":"cond-expr","locations":[{"start":{"line":102,"column":10},"end":{"line":102,"column":61}},{"start":{"line":103,"column":10},"end":{"line":103,"column":28}}],"line":101},"9":{"loc":{"start":{"line":119,"column":2},"end":{"line":119,"column":78}},"type":"if","locations":[{"start":{"line":119,"column":2},"end":{"line":119,"column":78}},{"start":{},"end":{}}],"line":119},"10":{"loc":{"start":{"line":126,"column":4},"end":{"line":126,"column":91}},"type":"if","locations":[{"start":{"line":126,"column":4},"end":{"line":126,"column":91}},{"start":{},"end":{}}],"line":126},"11":{"loc":{"start":{"line":139,"column":21},"end":{"line":139,"column":55}},"type":"cond-expr","locations":[{"start":{"line":139,"column":41},"end":{"line":139,"column":46}},{"start":{"line":139,"column":49},"end":{"line":139,"column":55}}],"line":139},"12":{"loc":{"start":{"line":140,"column":18},"end":{"line":142,"column":64}},"type":"cond-expr","locations":[{"start":{"line":141,"column":10},"end":{"line":141,"column":84}},{"start":{"line":142,"column":10},"end":{"line":142,"column":64}}],"line":140},"13":{"loc":{"start":{"line":151,"column":6},"end":{"line":151,"column":92}},"type":"if","locations":[{"start":{"line":151,"column":6},"end":{"line":151,"column":92}},{"start":{},"end":{}}],"line":151},"14":{"loc":{"start":{"line":172,"column":26},"end":{"line":172,"column":47}},"type":"binary-expr","locations":[{"start":{"line":172,"column":26},"end":{"line":172,"column":41}},{"start":{"line":172,"column":45},"end":{"line":172,"column":47}}],"line":172},"15":{"loc":{"start":{"line":184,"column":6},"end":{"line":195,"column":7}},"type":"if","locations":[{"start":{"line":184,"column":6},"end":{"line":195,"column":7}},{"start":{},"end":{}}],"line":184},"16":{"loc":{"start":{"line":191,"column":8},"end":{"line":194,"column":9}},"type":"if","locations":[{"start":{"line":191,"column":8},"end":{"line":194,"column":9}},{"start":{},"end":{}}],"line":191},"17":{"loc":{"start":{"line":213,"column":11},"end":{"line":219,"column":11}},"type":"binary-expr","locations":[{"start":{"line":213,"column":11},"end":{"line":213,"column":19}},{"start":{"line":214,"column":12},"end":{"line":218,"column":14}}],"line":213},"18":{"loc":{"start":{"line":242,"column":7},"end":{"line":261,"column":7}},"type":"binary-expr","locations":[{"start":{"line":242,"column":7},"end":{"line":242,"column":16}},{"start":{"line":242,"column":20},"end":{"line":242,"column":28}},{"start":{"line":243,"column":8},"end":{"line":260,"column":14}}],"line":242},"19":{"loc":{"start":{"line":263,"column":7},"end":{"line":267,"column":7}},"type":"binary-expr","locations":[{"start":{"line":263,"column":7},"end":{"line":263,"column":21}},{"start":{"line":264,"column":8},"end":{"line":266,"column":14}}],"line":263},"20":{"loc":{"start":{"line":270,"column":9},"end":{"line":270,"column":60}},"type":"cond-expr","locations":[{"start":{"line":270,"column":20},"end":{"line":270,"column":37}},{"start":{"line":270,"column":40},"end":{"line":270,"column":60}}],"line":270},"21":{"loc":{"start":{"line":272,"column":7},"end":{"line":276,"column":7}},"type":"binary-expr","locations":[{"start":{"line":272,"column":7},"end":{"line":272,"column":14}},{"start":{"line":273,"column":8},"end":{"line":275,"column":17}}],"line":272},"22":{"loc":{"start":{"line":277,"column":7},"end":{"line":395,"column":7}},"type":"binary-expr","locations":[{"start":{"line":277,"column":7},"end":{"line":277,"column":15}},{"start":{"line":278,"column":8},"end":{"line":394,"column":14}}],"line":277},"23":{"loc":{"start":{"line":279,"column":11},"end":{"line":279,"column":63}},"type":"binary-expr","locations":[{"start":{"line":279,"column":11},"end":{"line":279,"column":16}},{"start":{"line":279,"column":20},"end":{"line":279,"column":63}}],"line":279},"24":{"loc":{"start":{"line":280,"column":11},"end":{"line":393,"column":11}},"type":"cond-expr","locations":[{"start":{"line":281,"column":12},"end":{"line":390,"column":17}},{"start":{"line":392,"column":12},"end":{"line":392,"column":45}}],"line":280},"25":{"loc":{"start":{"line":287,"column":28},"end":{"line":287,"column":93}},"type":"cond-expr","locations":[{"start":{"line":287,"column":43},"end":{"line":287,"column":69}},{"start":{"line":287,"column":72},"end":{"line":287,"column":93}}],"line":287},"26":{"loc":{"start":{"line":291,"column":19},"end":{"line":305,"column":19}},"type":"binary-expr","locations":[{"start":{"line":291,"column":19},"end":{"line":291,"column":37}},{"start":{"line":292,"column":4},"end":{"line":301,"column":10}}],"line":291},"27":{"loc":{"start":{"line":309,"column":19},"end":{"line":318,"column":19}},"type":"binary-expr","locations":[{"start":{"line":309,"column":19},"end":{"line":309,"column":26}},{"start":{"line":310,"column":20},"end":{"line":317,"column":23}}],"line":309},"28":{"loc":{"start":{"line":319,"column":19},"end":{"line":369,"column":19}},"type":"binary-expr","locations":[{"start":{"line":319,"column":19},"end":{"line":319,"column":27}},{"start":{"line":320,"column":20},"end":{"line":368,"column":23}}],"line":319},"29":{"loc":{"start":{"line":329,"column":37},"end":{"line":329,"column":109}},"type":"cond-expr","locations":[{"start":{"line":329,"column":94},"end":{"line":329,"column":100}},{"start":{"line":329,"column":103},"end":{"line":329,"column":109}}],"line":329},"30":{"loc":{"start":{"line":342,"column":37},"end":{"line":342,"column":110}},"type":"cond-expr","locations":[{"start":{"line":342,"column":94},"end":{"line":342,"column":101}},{"start":{"line":342,"column":104},"end":{"line":342,"column":110}}],"line":342},"31":{"loc":{"start":{"line":352,"column":28},"end":{"line":352,"column":57}},"type":"binary-expr","locations":[{"start":{"line":352,"column":28},"end":{"line":352,"column":51}},{"start":{"line":352,"column":55},"end":{"line":352,"column":57}}],"line":352},"32":{"loc":{"start":{"line":360,"column":28},"end":{"line":363,"column":29}},"type":"if","locations":[{"start":{"line":360,"column":28},"end":{"line":363,"column":29}},{"start":{},"end":{}}],"line":360},"33":{"loc":{"start":{"line":360,"column":32},"end":{"line":360,"column":74}},"type":"binary-expr","locations":[{"start":{"line":360,"column":32},"end":{"line":360,"column":49}},{"start":{"line":360,"column":53},"end":{"line":360,"column":74}}],"line":360},"34":{"loc":{"start":{"line":371,"column":19},"end":{"line":375,"column":19}},"type":"binary-expr","locations":[{"start":{"line":371,"column":19},"end":{"line":371,"column":30}},{"start":{"line":372,"column":20},"end":{"line":374,"column":29}}],"line":371},"35":{"loc":{"start":{"line":376,"column":19},"end":{"line":387,"column":19}},"type":"binary-expr","locations":[{"start":{"line":376,"column":19},"end":{"line":376,"column":30}},{"start":{"line":377,"column":20},"end":{"line":386,"column":35}}],"line":376},"36":{"loc":{"start":{"line":396,"column":7},"end":{"line":419,"column":7}},"type":"binary-expr","locations":[{"start":{"line":396,"column":7},"end":{"line":396,"column":15}},{"start":{"line":397,"column":8},"end":{"line":418,"column":14}}],"line":396},"37":{"loc":{"start":{"line":400,"column":13},"end":{"line":406,"column":13}},"type":"cond-expr","locations":[{"start":{"line":401,"column":14},"end":{"line":403,"column":16}},{"start":{"line":405,"column":14},"end":{"line":405,"column":48}}],"line":400},"38":{"loc":{"start":{"line":410,"column":13},"end":{"line":416,"column":13}},"type":"cond-expr","locations":[{"start":{"line":411,"column":14},"end":{"line":413,"column":16}},{"start":{"line":415,"column":13},"end":{"line":415,"column":44}}],"line":410},"39":{"loc":{"start":{"line":420,"column":7},"end":{"line":425,"column":7}},"type":"binary-expr","locations":[{"start":{"line":420,"column":7},"end":{"line":420,"column":19}},{"start":{"line":421,"column":8},"end":{"line":424,"column":10}}],"line":420}},"s":{"0":0,"1":0,"2":0,"3":0,"4":0,"5":0,"6":0,"7":0,"8":0,"9":0,"10":0,"11":0,"12":0,"13":0,"14":0,"15":0,"16":0,"17":0,"18":0,"19":0,"20":0,"21":0,"22":0,"23":0,"24":0,"25":0,"26":0,"27":0,"28":0,"29":0,"30":0,"31":0,"32":0,"33":0,"34":0,"35":0,"36":0,"37":0,"38":0,"39":0,"40":0,"41":0,"42":0,"43":0,"44":0,"45":0,"46":0,"47":0,"48":0,"49":0,"50":0,"51":0,"52":0,"53":0,"54":0,"55":0,"56":0,"57":0,"58":0,"59":0,"60":0,"61":0,"62":0,"63":0,"64":0,"65":0,"66":0,"67":0,"68":0,"69":0,"70":0,"71":0,"72":0,"73":0,"74":0,"75":0,"76":0,"77":0,"78":0,"79":0,"80":0,"81":0,"82":0,"83":0,"84":0,"85":0,"86":0,"87":0,"88":0,"89":0,"90":0,"91":0,"92":0,"93":0,"94":0,"95":0,"96":0,"97":0,"98":0,"99":0,"100":0,"101":0,"102":0,"103":0,"104":0,"105":0,"106":0,"107":0,"108":0,"109":0,"110":0,"111":0,"112":0,"113":0,"114":0,"115":0,"116":0,"117":0,"118":0,"119":0,"120":0,"121":0,"122":0,"123":0,"124":0,"125":0,"126":0,"127":0,"128":0,"129":0,"130":0,"131":0,"132":0,"133":0,"134":0,"135":0},"f":{"0":0,"1":0,"2":0,"3":0,"4":0,"5":0,"6":0,"7":0,"8":0,"9":0,"10":0,"11":0,"12":0,"13":0,"14":0,"15":0,"16":0,"17":0,"18":0,"19":0,"20":0,"21":0,"22":0,"23":0,"24":0,"25":0,"26":0,"27":0,"28":0,"29":0,"30":0,"31":0,"32":0,"33":0,"34":0,"35":0,"36":0,"37":0,"38":0,"39":0,"40":0,"41":0,"42":0,"43":0,"44":0},"b":{"0":[0,0],"1":[0,0],"2":[0,0],"3":[0,0],"4":[0,0],"5":[0,0],"6":[0,0],"7":[0,0],"8":[0,0],"9":[0,0],"10":[0,0],"11":[0,0],"12":[0,0],"13":[0,0],"14":[0,0],"15":[0,0],"16":[0,0],"17":[0,0],"18":[0,0,0],"19":[0,0],"20":[0,0],"21":[0,0],"22":[0,0],"23":[0,0],"24":[0,0],"25":[0,0],"26":[0,0],"27":[0,0],"28":[0,0],"29":[0,0],"30":[0,0],"31":[0,0],"32":[0,0],"33":[0,0],"34":[0,0],"35":[0,0],"36":[0,0],"37":[0,0],"38":[0,0],"39":[0,0]}}
,"C:\\Users\\Frida\\joinville-version\\frontend\\src\\components\\LoginPage.js": {"path":"C:\\Users\\Frida\\joinville-version\\frontend\\src\\components\\LoginPage.js","statementMap":{"0":{"start":{"line":7,"column":21},"end":{"line":13,"column":1}},"1":{"start":{"line":15,"column":15},"end":{"line":122,"column":1}},"2":{"start":{"line":125,"column":34},"end":{"line":125,"column":46}},"3":{"start":{"line":126,"column":34},"end":{"line":126,"column":46}},"4":{"start":{"line":127,"column":42},"end":{"line":127,"column":57}},"5":{"start":{"line":128,"column":44},"end":{"line":128,"column":59}},"6":{"start":{"line":129,"column":48},"end":{"line":129,"column":60}},"7":{"start":{"line":131,"column":22},"end":{"line":154,"column":3}},"8":{"start":{"line":132,"column":4},"end":{"line":135,"column":5}},"9":{"start":{"line":133,"column":6},"end":{"line":133,"column":52}},"10":{"start":{"line":134,"column":6},"end":{"line":134,"column":13}},"11":{"start":{"line":137,"column":4},"end":{"line":153,"column":5}},"12":{"start":{"line":138,"column":23},"end":{"line":141,"column":8}},"13":{"start":{"line":143,"column":6},"end":{"line":149,"column":7}},"14":{"start":{"line":144,"column":8},"end":{"line":144,"column":37}},"15":{"start":{"line":145,"column":8},"end":{"line":145,"column":59}},"16":{"start":{"line":146,"column":8},"end":{"line":146,"column":65}},"17":{"start":{"line":147,"column":8},"end":{"line":147,"column":57}},"18":{"start":{"line":148,"column":8},"end":{"line":148,"column":23}},"19":{"start":{"line":151,"column":6},"end":{"line":151,"column":87}},"20":{"start":{"line":152,"column":6},"end":{"line":152,"column":21}},"21":{"start":{"line":156,"column":25},"end":{"line":200,"column":3}},"22":{"start":{"line":157,"column":4},"end":{"line":160,"column":5}},"23":{"start":{"line":158,"column":6},"end":{"line":158,"column":52}},"24":{"start":{"line":159,"column":6},"end":{"line":159,"column":13}},"25":{"start":{"line":162,"column":4},"end":{"line":165,"column":5}},"26":{"start":{"line":163,"column":6},"end":{"line":163,"column":40}},"27":{"start":{"line":164,"column":6},"end":{"line":164,"column":13}},"28":{"start":{"line":167,"column":4},"end":{"line":199,"column":5}},"29":{"start":{"line":168,"column":6},"end":{"line":168,"column":59}},"30":{"start":{"line":170,"column":23},"end":{"line":177,"column":8}},"31":{"start":{"line":179,"column":6},"end":{"line":185,"column":7}},"32":{"start":{"line":180,"column":8},"end":{"line":180,"column":75}},"33":{"start":{"line":181,"column":8},"end":{"line":181,"column":32}},"34":{"start":{"line":182,"column":8},"end":{"line":182,"column":24}},"35":{"start":{"line":183,"column":8},"end":{"line":183,"column":24}},"36":{"start":{"line":184,"column":8},"end":{"line":184,"column":31}},"37":{"start":{"line":187,"column":6},"end":{"line":192,"column":9}},"38":{"start":{"line":194,"column":27},"end":{"line":196,"column":89}},"39":{"start":{"line":198,"column":6},"end":{"line":198,"column":49}},"40":{"start":{"line":202,"column":2},"end":{"line":235,"column":4}},"41":{"start":{"line":250,"column":2},"end":{"line":286,"column":4}},"42":{"start":{"line":257,"column":25},"end":{"line":257,"column":52}},"43":{"start":{"line":270,"column":25},"end":{"line":270,"column":59}},"44":{"start":{"line":279,"column":25},"end":{"line":279,"column":48}},"45":{"start":{"line":299,"column":2},"end":{"line":372,"column":4}},"46":{"start":{"line":347,"column":25},"end":{"line":347,"column":52}},"47":{"start":{"line":365,"column":25},"end":{"line":365,"column":47}},"48":{"start":{"line":376,"column":2},"end":{"line":389,"column":4}},"49":{"start":{"line":382,"column":25},"end":{"line":382,"column":52}},"50":{"start":{"line":385,"column":49},"end":{"line":385,"column":79}}},"fnMap":{"0":{"name":"LoginPage","decl":{"start":{"line":124,"column":9},"end":{"line":124,"column":18}},"loc":{"start":{"line":124,"column":46},"end":{"line":236,"column":1}},"line":124},"1":{"name":"(anonymous_1)","decl":{"start":{"line":131,"column":22},"end":{"line":131,"column":23}},"loc":{"start":{"line":131,"column":34},"end":{"line":154,"column":3}},"line":131},"2":{"name":"(anonymous_2)","decl":{"start":{"line":156,"column":25},"end":{"line":156,"column":26}},"loc":{"start":{"line":156,"column":37},"end":{"line":200,"column":3}},"line":156},"3":{"name":"RegisterForm","decl":{"start":{"line":238,"column":9},"end":{"line":238,"column":21}},"loc":{"start":{"line":249,"column":3},"end":{"line":287,"column":1}},"line":249},"4":{"name":"(anonymous_4)","decl":{"start":{"line":257,"column":18},"end":{"line":257,"column":19}},"loc":{"start":{"line":257,"column":25},"end":{"line":257,"column":52}},"line":257},"5":{"name":"(anonymous_5)","decl":{"start":{"line":270,"column":18},"end":{"line":270,"column":19}},"loc":{"start":{"line":270,"column":25},"end":{"line":270,"column":59}},"line":270},"6":{"name":"(anonymous_6)","decl":{"start":{"line":279,"column":19},"end":{"line":279,"column":20}},"loc":{"start":{"line":279,"column":25},"end":{"line":279,"column":48}},"line":279},"7":{"name":"LoginForm","decl":{"start":{"line":289,"column":9},"end":{"line":289,"column":18}},"loc":{"start":{"line":298,"column":3},"end":{"line":373,"column":1}},"line":298},"8":{"name":"(anonymous_8)","decl":{"start":{"line":347,"column":18},"end":{"line":347,"column":19}},"loc":{"start":{"line":347,"column":25},"end":{"line":347,"column":52}},"line":347},"9":{"name":"(anonymous_9)","decl":{"start":{"line":365,"column":19},"end":{"line":365,"column":20}},"loc":{"start":{"line":365,"column":25},"end":{"line":365,"column":47}},"line":365},"10":{"name":"PasswordField","decl":{"start":{"line":375,"column":9},"end":{"line":375,"column":22}},"loc":{"start":{"line":375,"column":81},"end":{"line":390,"column":1}},"line":375},"11":{"name":"(anonymous_11)","decl":{"start":{"line":382,"column":18},"end":{"line":382,"column":19}},"loc":{"start":{"line":382,"column":25},"end":{"line":382,"column":52}},"line":382},"12":{"name":"(anonymous_12)","decl":{"start":{"line":385,"column":43},"end":{"line":385,"column":44}},"loc":{"start":{"line":385,"column":49},"end":{"line":385,"column":79}},"line":385}},"branchMap":{"0":{"loc":{"start":{"line":132,"column":4},"end":{"line":135,"column":5}},"type":"if","locations":[{"start":{"line":132,"column":4},"end":{"line":135,"column":5}},{"start":{},"end":{}}],"line":132},"1":{"loc":{"start":{"line":132,"column":8},"end":{"line":132,"column":30}},"type":"binary-expr","locations":[{"start":{"line":132,"column":8},"end":{"line":132,"column":17}},{"start":{"line":132,"column":21},"end":{"line":132,"column":30}}],"line":132},"2":{"loc":{"start":{"line":143,"column":6},"end":{"line":149,"column":7}},"type":"if","locations":[{"start":{"line":143,"column":6},"end":{"line":149,"column":7}},{"start":{},"end":{}}],"line":143},"3":{"loc":{"start":{"line":151,"column":33},"end":{"line":151,"column":84}},"type":"binary-expr","locations":[{"start":{"line":151,"column":33},"end":{"line":151,"column":62}},{"start":{"line":151,"column":66},"end":{"line":151,"column":84}}],"line":151},"4":{"loc":{"start":{"line":157,"column":4},"end":{"line":160,"column":5}},"type":"if","locations":[{"start":{"line":157,"column":4},"end":{"line":160,"column":5}},{"start":{},"end":{}}],"line":157},"5":{"loc":{"start":{"line":157,"column":8},"end":{"line":157,"column":50}},"type":"binary-expr","locations":[{"start":{"line":157,"column":8},"end":{"line":157,"column":17}},{"start":{"line":157,"column":21},"end":{"line":157,"column":30}},{"start":{"line":157,"column":34},"end":{"line":157,"column":50}}],"line":157},"6":{"loc":{"start":{"line":162,"column":4},"end":{"line":165,"column":5}},"type":"if","locations":[{"start":{"line":162,"column":4},"end":{"line":165,"column":5}},{"start":{},"end":{}}],"line":162},"7":{"loc":{"start":{"line":179,"column":6},"end":{"line":185,"column":7}},"type":"if","locations":[{"start":{"line":179,"column":6},"end":{"line":185,"column":7}},{"start":{},"end":{}}],"line":179},"8":{"loc":{"start":{"line":194,"column":27},"end":{"line":196,"column":89}},"type":"binary-expr","locations":[{"start":{"line":194,"column":27},"end":{"line":194,"column":56}},{"start":{"line":195,"column":11},"end":{"line":195,"column":31}},{"start":{"line":196,"column":11},"end":{"line":196,"column":89}}],"line":194},"9":{"loc":{"start":{"line":208,"column":9},"end":{"line":232,"column":9}},"type":"cond-expr","locations":[{"start":{"line":209,"column":10},"end":{"line":220,"column":12}},{"start":{"line":222,"column":10},"end":{"line":231,"column":12}}],"line":208},"10":{"loc":{"start":{"line":379,"column":14},"end":{"line":379,"column":48}},"type":"cond-expr","locations":[{"start":{"line":379,"column":29},"end":{"line":379,"column":35}},{"start":{"line":379,"column":38},"end":{"line":379,"column":48}}],"line":379},"11":{"loc":{"start":{"line":386,"column":9},"end":{"line":386,"column":50}},"type":"cond-expr","locations":[{"start":{"line":386,"column":24},"end":{"line":386,"column":33}},{"start":{"line":386,"column":36},"end":{"line":386,"column":50}}],"line":386}},"s":{"0":1,"1":1,"2":25,"3":25,"4":25,"5":25,"6":25,"7":25,"8":4,"9":1,"10":1,"11":3,"12":3,"13":2,"14":2,"15":2,"16":2,"17":2,"18":2,"19":1,"20":1,"21":25,"22":2,"23":0,"24":0,"25":2,"26":1,"27":1,"28":1,"29":1,"30":1,"31":1,"32":1,"33":1,"34":1,"35":1,"36":1,"37":0,"38":0,"39":0,"40":25,"41":9,"42":2,"43":2,"44":0,"45":16,"46":3,"47":3,"48":25,"49":5,"50":0},"f":{"0":25,"1":4,"2":2,"3":9,"4":2,"5":2,"6":0,"7":16,"8":3,"9":3,"10":25,"11":5,"12":0},"b":{"0":[1,3],"1":[4,3],"2":[2,0],"3":[1,0],"4":[0,2],"5":[2,2,2],"6":[1,1],"7":[1,0],"8":[0,0,0],"9":[9,16],"10":[0,25],"11":[0,25]},"_coverageSchema":"1a1c01bbd47fc00a2c39e90264f33305004495a9","hash":"fcd5fe6bac545e7f13c9a884c2dd0befe6f4f41c"}
,"C:\\Users\\Frida\\joinville-version\\frontend\\src\\uploads\\App.js": {"path":"C:\\Users\\Frida\\joinville-version\\frontend\\src\\uploads\\App.js","statementMap":{"0":{"start":{"line":6,"column":48},"end":{"line":6,"column":63}},"1":{"start":{"line":7,"column":32},"end":{"line":7,"column":47}},"2":{"start":{"line":9,"column":22},"end":{"line":12,"column":3}},"3":{"start":{"line":10,"column":4},"end":{"line":10,"column":29}},"4":{"start":{"line":11,"column":4},"end":{"line":11,"column":28}},"5":{"start":{"line":15,"column":23},"end":{"line":18,"column":3}},"6":{"start":{"line":17,"column":4},"end":{"line":17,"column":56}},"7":{"start":{"line":20,"column":2},"end":{"line":28,"column":4}}},"fnMap":{"0":{"name":"App","decl":{"start":{"line":5,"column":9},"end":{"line":5,"column":12}},"loc":{"start":{"line":5,"column":15},"end":{"line":29,"column":1}},"line":5},"1":{"name":"(anonymous_1)","decl":{"start":{"line":9,"column":22},"end":{"line":9,"column":23}},"loc":{"start":{"line":9,"column":39},"end":{"line":12,"column":3}},"line":9},"2":{"name":"(anonymous_2)","decl":{"start":{"line":15,"column":23},"end":{"line":15,"column":24}},"loc":{"start":{"line":15,"column":29},"end":{"line":18,"column":3}},"line":15}},"branchMap":{"0":{"loc":{"start":{"line":22,"column":7},"end":{"line":26,"column":7}},"type":"cond-expr","locations":[{"start":{"line":23,"column":8},"end":{"line":23,"column":45}},{"start":{"line":25,"column":8},"end":{"line":25,"column":71}}],"line":22}},"s":{"0":0,"1":0,"2":0,"3":0,"4":0,"5":0,"6":0,"7":0},"f":{"0":0,"1":0,"2":0},"b":{"0":[0,0]}}
}
