TN:
SF:src\App.js
FN:5,App
FN:10,(anonymous_1)
FN:16,(anonymous_2)
FN:26,(anonymous_3)
FNF:4
FNH:0
FNDA:0,App
FNDA:0,(anonymous_1)
FNDA:0,(anonymous_2)
FNDA:0,(anonymous_3)
DA:6,0
DA:7,0
DA:8,0
DA:10,0
DA:11,0
DA:12,0
DA:13,0
DA:16,0
DA:17,0
DA:18,0
DA:19,0
DA:20,0
DA:23,0
LF:13
LH:0
BRDA:25,0,0,0
BRDA:25,0,1,0
BRF:2
BRH:0
end_of_record
TN:
SF:src\index.js
FNF:0
FNH:0
DA:7,0
DA:8,0
LF:2
LH:0
BRF:0
BRH:0
end_of_record
TN:
SF:src\reportWebVitals.js
FN:1,(anonymous_0)
FN:3,(anonymous_1)
FNF:2
FNH:0
FNDA:0,(anonymous_0)
FNDA:0,(anonymous_1)
DA:1,0
DA:2,0
DA:3,0
DA:4,0
DA:5,0
DA:6,0
DA:7,0
DA:8,0
LF:8
LH:0
BRDA:2,0,0,0
BRDA:2,0,1,0
BRDA:2,1,0,0
BRDA:2,1,1,0
BRF:4
BRH:0
end_of_record
TN:
SF:src\components\CasaraoFormPage.js
FN:6,CasaraoFormPage
FN:16,(anonymous_1)
FN:27,(anonymous_2)
FN:54,(anonymous_3)
FN:58,(anonymous_4)
FN:66,(anonymous_5)
FN:102,(anonymous_6)
FN:109,(anonymous_7)
FN:117,(anonymous_8)
FN:133,(anonymous_9)
FNF:10
FNH:0
FNDA:0,CasaraoFormPage
FNDA:0,(anonymous_1)
FNDA:0,(anonymous_2)
FNDA:0,(anonymous_3)
FNDA:0,(anonymous_4)
FNDA:0,(anonymous_5)
FNDA:0,(anonymous_6)
FNDA:0,(anonymous_7)
FNDA:0,(anonymous_8)
FNDA:0,(anonymous_9)
DA:7,0
DA:8,0
DA:9,0
DA:10,0
DA:11,0
DA:12,0
DA:13,0
DA:14,0
DA:16,0
DA:17,0
DA:18,0
DA:19,0
DA:20,0
DA:21,0
DA:22,0
DA:23,0
DA:27,0
DA:28,0
DA:30,0
DA:31,0
DA:32,0
DA:33,0
DA:35,0
DA:36,0
DA:37,0
DA:40,0
DA:41,0
DA:43,0
DA:44,0
DA:45,0
DA:49,0
DA:54,0
DA:55,0
DA:56,0
DA:57,0
DA:58,0
DA:59,0
DA:60,0
DA:62,0
DA:66,0
DA:67,0
DA:69,0
DA:77,0
DA:78,0
DA:81,0
DA:84,0
DA:85,0
DA:86,0
DA:87,0
DA:88,0
DA:89,0
DA:90,0
DA:91,0
DA:94,0
DA:102,0
DA:109,0
DA:117,0
DA:133,0
DA:184,0
LF:59
LH:0
BRDA:17,0,0,0
BRDA:17,0,1,0
BRDA:21,1,0,0
BRDA:21,1,1,0
BRDA:22,2,0,0
BRDA:22,2,1,0
BRDA:23,3,0,0
BRDA:23,3,1,0
BRDA:30,4,0,0
BRDA:30,4,1,0
BRDA:35,5,0,0
BRDA:35,5,1,0
BRDA:43,6,0,0
BRDA:43,6,1,0
BRDA:56,7,0,0
BRDA:56,7,1,0
BRDA:74,8,0,0
BRDA:74,8,1,0
BRDA:77,9,0,0
BRDA:77,9,1,0
BRDA:96,10,0,0
BRDA:96,10,1,0
BRDA:136,11,0,0
BRDA:136,11,1,0
BRDA:157,12,0,0
BRDA:157,12,1,0
BRDA:160,13,0,0
BRDA:160,13,1,0
BRF:28
BRH:0
end_of_record
TN:
SF:src\components\CasaraoListPage.js
FN:10,CasaraoListPage
FN:19,(anonymous_1)
FN:23,(anonymous_2)
FN:27,(anonymous_3)
FN:38,(anonymous_4)
FN:54,(anonymous_5)
FN:60,(anonymous_6)
FN:66,(anonymous_7)
FN:67,(anonymous_8)
FN:73,(anonymous_9)
FN:76,(anonymous_10)
FN:88,(anonymous_11)
FN:89,(anonymous_12)
FN:90,(anonymous_13)
FN:91,(anonymous_14)
FN:99,(anonymous_15)
FN:100,(anonymous_16)
FN:101,(anonymous_17)
FN:102,(anonymous_18)
FN:109,(anonymous_19)
FN:110,(anonymous_20)
FN:110,(anonymous_21)
FN:113,(anonymous_22)
FN:118,(anonymous_23)
FN:128,(anonymous_24)
FN:128,(anonymous_25)
FN:135,(anonymous_26)
FN:162,(anonymous_27)
FN:168,(anonymous_28)
FN:169,(anonymous_29)
FN:179,(anonymous_30)
FN:252,(anonymous_31)
FN:282,(anonymous_32)
FN:296,(anonymous_33)
FN:311,(anonymous_34)
FN:314,(anonymous_35)
FN:323,(anonymous_36)
FN:329,(anonymous_37)
FN:336,(anonymous_38)
FN:342,(anonymous_39)
FN:352,(anonymous_40)
FN:359,(anonymous_41)
FN:372,(anonymous_42)
FN:401,(anonymous_43)
FN:411,(anonymous_44)
FNF:45
FNH:0
FNDA:0,CasaraoListPage
FNDA:0,(anonymous_1)
FNDA:0,(anonymous_2)
FNDA:0,(anonymous_3)
FNDA:0,(anonymous_4)
FNDA:0,(anonymous_5)
FNDA:0,(anonymous_6)
FNDA:0,(anonymous_7)
FNDA:0,(anonymous_8)
FNDA:0,(anonymous_9)
FNDA:0,(anonymous_10)
FNDA:0,(anonymous_11)
FNDA:0,(anonymous_12)
FNDA:0,(anonymous_13)
FNDA:0,(anonymous_14)
FNDA:0,(anonymous_15)
FNDA:0,(anonymous_16)
FNDA:0,(anonymous_17)
FNDA:0,(anonymous_18)
FNDA:0,(anonymous_19)
FNDA:0,(anonymous_20)
FNDA:0,(anonymous_21)
FNDA:0,(anonymous_22)
FNDA:0,(anonymous_23)
FNDA:0,(anonymous_24)
FNDA:0,(anonymous_25)
FNDA:0,(anonymous_26)
FNDA:0,(anonymous_27)
FNDA:0,(anonymous_28)
FNDA:0,(anonymous_29)
FNDA:0,(anonymous_30)
FNDA:0,(anonymous_31)
FNDA:0,(anonymous_32)
FNDA:0,(anonymous_33)
FNDA:0,(anonymous_34)
FNDA:0,(anonymous_35)
FNDA:0,(anonymous_36)
FNDA:0,(anonymous_37)
FNDA:0,(anonymous_38)
FNDA:0,(anonymous_39)
FNDA:0,(anonymous_40)
FNDA:0,(anonymous_41)
FNDA:0,(anonymous_42)
FNDA:0,(anonymous_43)
FNDA:0,(anonymous_44)
DA:11,0
DA:12,0
DA:14,0
DA:15,0
DA:16,0
DA:17,0
DA:18,0
DA:19,0
DA:20,0
DA:21,0
DA:23,0
DA:24,0
DA:25,0
DA:27,0
DA:28,0
DA:29,0
DA:32,0
DA:33,0
DA:34,0
DA:36,0
DA:38,0
DA:39,0
DA:40,0
DA:42,0
DA:45,0
DA:46,0
DA:47,0
DA:49,0
DA:50,0
DA:54,0
DA:55,0
DA:56,0
DA:60,0
DA:61,0
DA:62,0
DA:63,0
DA:66,0
DA:67,0
DA:68,0
DA:69,0
DA:70,0
DA:73,0
DA:74,0
DA:76,0
DA:77,0
DA:79,0
DA:80,0
DA:81,0
DA:84,0
DA:85,0
DA:88,0
DA:89,0
DA:90,0
DA:91,0
DA:94,0
DA:95,0
DA:99,0
DA:100,0
DA:101,0
DA:102,0
DA:105,0
DA:106,0
DA:109,0
DA:110,0
DA:113,0
DA:114,0
DA:118,0
DA:119,0
DA:121,0
DA:122,0
DA:126,0
DA:128,0
DA:130,0
DA:131,0
DA:135,0
DA:137,0
DA:138,0
DA:139,0
DA:140,0
DA:143,0
DA:151,0
DA:153,0
DA:154,0
DA:155,0
DA:157,0
DA:158,0
DA:162,0
DA:163,0
DA:164,0
DA:165,0
DA:168,0
DA:169,0
DA:170,0
DA:174,0
DA:175,0
DA:179,0
DA:180,0
DA:181,0
DA:182,0
DA:184,0
DA:185,0
DA:188,0
DA:189,0
DA:191,0
DA:192,0
DA:193,0
DA:197,0
DA:201,0
DA:252,0
DA:283,0
DA:297,0
DA:311,0
DA:314,0
DA:323,0
DA:329,0
DA:336,0
DA:342,0
DA:353,0
DA:360,0
DA:361,0
DA:362,0
DA:372,0
DA:402,0
DA:412,0
DA:433,0
LF:125
LH:0
BRDA:21,0,0,0
BRDA:21,0,1,0
BRDA:25,1,0,0
BRDA:25,1,1,0
BRDA:29,2,0,0
BRDA:29,2,1,0
BRDA:42,3,0,0
BRDA:42,3,1,0
BRDA:55,4,0,0
BRDA:55,4,1,0
BRDA:69,5,0,0
BRDA:69,5,1,0
BRDA:79,6,0,0
BRDA:79,6,1,0
BRDA:90,7,0,0
BRDA:90,7,1,0
BRDA:101,8,0,0
BRDA:101,8,1,0
BRDA:119,9,0,0
BRDA:119,9,1,0
BRDA:126,10,0,0
BRDA:126,10,1,0
BRDA:139,11,0,0
BRDA:139,11,1,0
BRDA:140,12,0,0
BRDA:140,12,1,0
BRDA:151,13,0,0
BRDA:151,13,1,0
BRDA:172,14,0,0
BRDA:172,14,1,0
BRDA:184,15,0,0
BRDA:184,15,1,0
BRDA:191,16,0,0
BRDA:191,16,1,0
BRDA:213,17,0,0
BRDA:213,17,1,0
BRDA:242,18,0,0
BRDA:242,18,1,0
BRDA:242,18,2,0
BRDA:263,19,0,0
BRDA:263,19,1,0
BRDA:270,20,0,0
BRDA:270,20,1,0
BRDA:272,21,0,0
BRDA:272,21,1,0
BRDA:277,22,0,0
BRDA:277,22,1,0
BRDA:279,23,0,0
BRDA:279,23,1,0
BRDA:280,24,0,0
BRDA:280,24,1,0
BRDA:287,25,0,0
BRDA:287,25,1,0
BRDA:291,26,0,0
BRDA:291,26,1,0
BRDA:309,27,0,0
BRDA:309,27,1,0
BRDA:319,28,0,0
BRDA:319,28,1,0
BRDA:329,29,0,0
BRDA:329,29,1,0
BRDA:342,30,0,0
BRDA:342,30,1,0
BRDA:352,31,0,0
BRDA:352,31,1,0
BRDA:360,32,0,0
BRDA:360,32,1,0
BRDA:360,33,0,0
BRDA:360,33,1,0
BRDA:371,34,0,0
BRDA:371,34,1,0
BRDA:376,35,0,0
BRDA:376,35,1,0
BRDA:396,36,0,0
BRDA:396,36,1,0
BRDA:400,37,0,0
BRDA:400,37,1,0
BRDA:410,38,0,0
BRDA:410,38,1,0
BRDA:420,39,0,0
BRDA:420,39,1,0
BRF:81
BRH:0
end_of_record
TN:
SF:src\components\LoginPage.js
FN:124,LoginPage
FN:131,(anonymous_1)
FN:156,(anonymous_2)
FN:238,RegisterForm
FN:257,(anonymous_4)
FN:270,(anonymous_5)
FN:279,(anonymous_6)
FN:289,LoginForm
FN:347,(anonymous_8)
FN:365,(anonymous_9)
FN:375,PasswordField
FN:382,(anonymous_11)
FN:385,(anonymous_12)
FNF:13
FNH:11
FNDA:25,LoginPage
FNDA:4,(anonymous_1)
FNDA:2,(anonymous_2)
FNDA:9,RegisterForm
FNDA:2,(anonymous_4)
FNDA:2,(anonymous_5)
FNDA:0,(anonymous_6)
FNDA:16,LoginForm
FNDA:3,(anonymous_8)
FNDA:3,(anonymous_9)
FNDA:25,PasswordField
FNDA:5,(anonymous_11)
FNDA:0,(anonymous_12)
DA:7,1
DA:15,1
DA:125,25
DA:126,25
DA:127,25
DA:128,25
DA:129,25
DA:131,25
DA:132,4
DA:133,1
DA:134,1
DA:137,3
DA:138,3
DA:143,2
DA:144,2
DA:145,2
DA:146,2
DA:147,2
DA:148,2
DA:151,1
DA:152,1
DA:156,25
DA:157,2
DA:158,0
DA:159,0
DA:162,2
DA:163,1
DA:164,1
DA:167,1
DA:168,1
DA:170,1
DA:179,1
DA:180,1
DA:181,1
DA:182,1
DA:183,1
DA:184,1
DA:187,0
DA:194,0
DA:198,0
DA:202,25
DA:250,9
DA:257,2
DA:270,2
DA:279,0
DA:299,16
DA:347,3
DA:365,3
DA:376,25
DA:382,5
DA:385,0
LF:51
LH:44
BRDA:132,0,0,1
BRDA:132,0,1,3
BRDA:132,1,0,4
BRDA:132,1,1,3
BRDA:143,2,0,2
BRDA:143,2,1,0
BRDA:151,3,0,1
BRDA:151,3,1,0
BRDA:157,4,0,0
BRDA:157,4,1,2
BRDA:157,5,0,2
BRDA:157,5,1,2
BRDA:157,5,2,2
BRDA:162,6,0,1
BRDA:162,6,1,1
BRDA:179,7,0,1
BRDA:179,7,1,0
BRDA:194,8,0,0
BRDA:194,8,1,0
BRDA:194,8,2,0
BRDA:208,9,0,9
BRDA:208,9,1,16
BRDA:379,10,0,0
BRDA:379,10,1,25
BRDA:386,11,0,0
BRDA:386,11,1,25
BRF:26
BRH:17
end_of_record
TN:
SF:src\uploads\App.js
FN:5,App
FN:9,(anonymous_1)
FN:15,(anonymous_2)
FNF:3
FNH:0
FNDA:0,App
FNDA:0,(anonymous_1)
FNDA:0,(anonymous_2)
DA:6,0
DA:7,0
DA:9,0
DA:10,0
DA:11,0
DA:15,0
DA:17,0
DA:20,0
LF:8
LH:0
BRDA:22,0,0,0
BRDA:22,0,1,0
BRF:2
BRH:0
end_of_record
