{"C:\\Users\\Frida\\joinville-version\\backend\\index.js": {"path":"C:\\Users\\Frida\\joinville-version\\backend\\index.js","statementMap":{"0":{"start":{"line":10,"column":12},"end":{"line":10,"column":21}},"1":{"start":{"line":11,"column":15},"end":{"line":11,"column":51}},"2":{"start":{"line":15,"column":0},"end":{"line":27,"column":3}},"3":{"start":{"line":16,"column":2},"end":{"line":16,"column":49}},"4":{"start":{"line":17,"column":2},"end":{"line":17,"column":80}},"5":{"start":{"line":18,"column":2},"end":{"line":18,"column":110}},"6":{"start":{"line":19,"column":2},"end":{"line":19,"column":57}},"7":{"start":{"line":22,"column":2},"end":{"line":24,"column":3}},"8":{"start":{"line":23,"column":4},"end":{"line":23,"column":33}},"9":{"start":{"line":26,"column":2},"end":{"line":26,"column":9}},"10":{"start":{"line":30,"column":0},"end":{"line":35,"column":4}},"11":{"start":{"line":38,"column":0},"end":{"line":38,"column":39}},"12":{"start":{"line":39,"column":0},"end":{"line":39,"column":61}},"13":{"start":{"line":40,"column":0},"end":{"line":40,"column":16}},"14":{"start":{"line":43,"column":0},"end":{"line":43,"column":73}},"15":{"start":{"line":46,"column":11},"end":{"line":51,"column":2}},"16":{"start":{"line":53,"column":0},"end":{"line":59,"column":3}},"17":{"start":{"line":54,"column":2},"end":{"line":57,"column":3}},"18":{"start":{"line":55,"column":4},"end":{"line":55,"column":53}},"19":{"start":{"line":56,"column":4},"end":{"line":56,"column":11}},"20":{"start":{"line":58,"column":2},"end":{"line":58,"column":36}},"21":{"start":{"line":62,"column":16},"end":{"line":73,"column":2}},"22":{"start":{"line":64,"column":22},"end":{"line":64,"column":32}},"23":{"start":{"line":65,"column":4},"end":{"line":67,"column":5}},"24":{"start":{"line":66,"column":6},"end":{"line":66,"column":30}},"25":{"start":{"line":68,"column":4},"end":{"line":68,"column":24}},"26":{"start":{"line":71,"column":4},"end":{"line":71,"column":59}},"27":{"start":{"line":75,"column":15},"end":{"line":75,"column":34}},"28":{"start":{"line":77,"column":0},"end":{"line":115,"column":3}},"29":{"start":{"line":78,"column":33},"end":{"line":78,"column":41}},"30":{"start":{"line":80,"column":2},"end":{"line":82,"column":3}},"31":{"start":{"line":81,"column":4},"end":{"line":81,"column":82}},"32":{"start":{"line":85,"column":23},"end":{"line":85,"column":63}},"33":{"start":{"line":86,"column":2},"end":{"line":114,"column":5}},"34":{"start":{"line":87,"column":4},"end":{"line":90,"column":5}},"35":{"start":{"line":88,"column":6},"end":{"line":88,"column":55}},"36":{"start":{"line":89,"column":6},"end":{"line":89,"column":89}},"37":{"start":{"line":92,"column":4},"end":{"line":94,"column":5}},"38":{"start":{"line":93,"column":6},"end":{"line":93,"column":87}},"39":{"start":{"line":96,"column":4},"end":{"line":113,"column":5}},"40":{"start":{"line":97,"column":29},"end":{"line":97,"column":60}},"41":{"start":{"line":98,"column":24},"end":{"line":98,"column":78}},"42":{"start":{"line":100,"column":6},"end":{"line":109,"column":9}},"43":{"start":{"line":101,"column":8},"end":{"line":104,"column":9}},"44":{"start":{"line":102,"column":10},"end":{"line":102,"column":59}},"45":{"start":{"line":103,"column":10},"end":{"line":103,"column":93}},"46":{"start":{"line":105,"column":8},"end":{"line":108,"column":11}},"47":{"start":{"line":111,"column":6},"end":{"line":111,"column":56}},"48":{"start":{"line":112,"column":6},"end":{"line":112,"column":73}},"49":{"start":{"line":118,"column":0},"end":{"line":152,"column":3}},"50":{"start":{"line":119,"column":33},"end":{"line":119,"column":41}},"51":{"start":{"line":121,"column":2},"end":{"line":123,"column":3}},"52":{"start":{"line":122,"column":4},"end":{"line":122,"column":82}},"53":{"start":{"line":125,"column":14},"end":{"line":125,"column":54}},"54":{"start":{"line":126,"column":2},"end":{"line":151,"column":5}},"55":{"start":{"line":127,"column":4},"end":{"line":129,"column":5}},"56":{"start":{"line":128,"column":6},"end":{"line":128,"column":80}},"57":{"start":{"line":131,"column":4},"end":{"line":133,"column":5}},"58":{"start":{"line":132,"column":6},"end":{"line":132,"column":74}},"59":{"start":{"line":135,"column":17},"end":{"line":135,"column":27}},"60":{"start":{"line":137,"column":4},"end":{"line":150,"column":5}},"61":{"start":{"line":138,"column":30},"end":{"line":138,"column":75}},"62":{"start":{"line":140,"column":6},"end":{"line":142,"column":7}},"63":{"start":{"line":141,"column":8},"end":{"line":141,"column":69}},"64":{"start":{"line":146,"column":20},"end":{"line":146,"column":81}},"65":{"start":{"line":147,"column":6},"end":{"line":147,"column":58}},"66":{"start":{"line":149,"column":6},"end":{"line":149,"column":80}},"67":{"start":{"line":155,"column":0},"end":{"line":169,"column":3}},"68":{"start":{"line":156,"column":28},"end":{"line":156,"column":36}},"69":{"start":{"line":157,"column":53},"end":{"line":157,"column":61}},"70":{"start":{"line":159,"column":21},"end":{"line":159,"column":27}},"71":{"start":{"line":161,"column":14},"end":{"line":161,"column":115}},"72":{"start":{"line":162,"column":2},"end":{"line":168,"column":5}},"73":{"start":{"line":163,"column":4},"end":{"line":166,"column":5}},"74":{"start":{"line":164,"column":6},"end":{"line":164,"column":57}},"75":{"start":{"line":165,"column":6},"end":{"line":165,"column":76}},"76":{"start":{"line":167,"column":4},"end":{"line":167,"column":103}},"77":{"start":{"line":173,"column":0},"end":{"line":182,"column":3}},"78":{"start":{"line":174,"column":14},"end":{"line":174,"column":86}},"79":{"start":{"line":175,"column":2},"end":{"line":181,"column":5}},"80":{"start":{"line":176,"column":4},"end":{"line":179,"column":5}},"81":{"start":{"line":177,"column":6},"end":{"line":177,"column":56}},"82":{"start":{"line":178,"column":6},"end":{"line":178,"column":75}},"83":{"start":{"line":180,"column":4},"end":{"line":180,"column":22}},"84":{"start":{"line":186,"column":0},"end":{"line":237,"column":3}},"85":{"start":{"line":187,"column":17},"end":{"line":187,"column":27}},"86":{"start":{"line":188,"column":28},"end":{"line":188,"column":36}},"87":{"start":{"line":189,"column":53},"end":{"line":189,"column":61}},"88":{"start":{"line":191,"column":21},"end":{"line":191,"column":27}},"89":{"start":{"line":194,"column":12},"end":{"line":194,"column":34}},"90":{"start":{"line":195,"column":17},"end":{"line":195,"column":19}},"91":{"start":{"line":197,"column":2},"end":{"line":200,"column":3}},"92":{"start":{"line":198,"column":4},"end":{"line":198,"column":24}},"93":{"start":{"line":199,"column":4},"end":{"line":199,"column":22}},"94":{"start":{"line":201,"column":2},"end":{"line":204,"column":3}},"95":{"start":{"line":202,"column":4},"end":{"line":202,"column":31}},"96":{"start":{"line":203,"column":4},"end":{"line":203,"column":29}},"97":{"start":{"line":205,"column":2},"end":{"line":208,"column":3}},"98":{"start":{"line":206,"column":4},"end":{"line":206,"column":28}},"99":{"start":{"line":207,"column":4},"end":{"line":207,"column":26}},"100":{"start":{"line":209,"column":2},"end":{"line":212,"column":3}},"101":{"start":{"line":210,"column":4},"end":{"line":210,"column":23}},"102":{"start":{"line":211,"column":4},"end":{"line":211,"column":21}},"103":{"start":{"line":213,"column":2},"end":{"line":216,"column":3}},"104":{"start":{"line":214,"column":4},"end":{"line":214,"column":24}},"105":{"start":{"line":215,"column":4},"end":{"line":215,"column":22}},"106":{"start":{"line":217,"column":2},"end":{"line":220,"column":3}},"107":{"start":{"line":218,"column":4},"end":{"line":218,"column":30}},"108":{"start":{"line":219,"column":4},"end":{"line":219,"column":28}},"109":{"start":{"line":222,"column":2},"end":{"line":222,"column":43}},"110":{"start":{"line":223,"column":2},"end":{"line":223,"column":18}},"111":{"start":{"line":225,"column":2},"end":{"line":236,"column":5}},"112":{"start":{"line":226,"column":4},"end":{"line":229,"column":5}},"113":{"start":{"line":227,"column":6},"end":{"line":227,"column":57}},"114":{"start":{"line":228,"column":6},"end":{"line":228,"column":76}},"115":{"start":{"line":231,"column":4},"end":{"line":233,"column":5}},"116":{"start":{"line":232,"column":6},"end":{"line":232,"column":71}},"117":{"start":{"line":235,"column":4},"end":{"line":235,"column":72}},"118":{"start":{"line":240,"column":0},"end":{"line":256,"column":3}},"119":{"start":{"line":241,"column":17},"end":{"line":241,"column":27}},"120":{"start":{"line":242,"column":14},"end":{"line":242,"column":49}},"121":{"start":{"line":244,"column":2},"end":{"line":255,"column":5}},"122":{"start":{"line":245,"column":4},"end":{"line":248,"column":5}},"123":{"start":{"line":246,"column":6},"end":{"line":246,"column":55}},"124":{"start":{"line":247,"column":6},"end":{"line":247,"column":74}},"125":{"start":{"line":250,"column":4},"end":{"line":252,"column":5}},"126":{"start":{"line":251,"column":6},"end":{"line":251,"column":71}},"127":{"start":{"line":254,"column":4},"end":{"line":254,"column":70}},"128":{"start":{"line":259,"column":0},"end":{"line":270,"column":3}},"129":{"start":{"line":260,"column":32},"end":{"line":260,"column":40}},"130":{"start":{"line":262,"column":14},"end":{"line":262,"column":73}},"131":{"start":{"line":263,"column":2},"end":{"line":269,"column":5}},"132":{"start":{"line":264,"column":4},"end":{"line":267,"column":5}},"133":{"start":{"line":265,"column":6},"end":{"line":265,"column":56}},"134":{"start":{"line":266,"column":6},"end":{"line":266,"column":75}},"135":{"start":{"line":268,"column":4},"end":{"line":268,"column":73}},"136":{"start":{"line":273,"column":0},"end":{"line":284,"column":3}},"137":{"start":{"line":274,"column":32},"end":{"line":274,"column":40}},"138":{"start":{"line":276,"column":14},"end":{"line":276,"column":74}},"139":{"start":{"line":277,"column":2},"end":{"line":283,"column":5}},"140":{"start":{"line":278,"column":4},"end":{"line":281,"column":5}},"141":{"start":{"line":279,"column":6},"end":{"line":279,"column":54}},"142":{"start":{"line":280,"column":6},"end":{"line":280,"column":73}},"143":{"start":{"line":282,"column":4},"end":{"line":282,"column":71}},"144":{"start":{"line":287,"column":0},"end":{"line":298,"column":3}},"145":{"start":{"line":288,"column":43},"end":{"line":288,"column":51}},"146":{"start":{"line":290,"column":14},"end":{"line":290,"column":86}},"147":{"start":{"line":291,"column":2},"end":{"line":297,"column":5}},"148":{"start":{"line":292,"column":4},"end":{"line":295,"column":5}},"149":{"start":{"line":293,"column":6},"end":{"line":293,"column":54}},"150":{"start":{"line":294,"column":6},"end":{"line":294,"column":73}},"151":{"start":{"line":296,"column":4},"end":{"line":296,"column":71}},"152":{"start":{"line":301,"column":0},"end":{"line":312,"column":3}},"153":{"start":{"line":302,"column":32},"end":{"line":302,"column":40}},"154":{"start":{"line":304,"column":14},"end":{"line":304,"column":72}},"155":{"start":{"line":305,"column":2},"end":{"line":311,"column":5}},"156":{"start":{"line":306,"column":4},"end":{"line":309,"column":5}},"157":{"start":{"line":307,"column":6},"end":{"line":307,"column":52}},"158":{"start":{"line":308,"column":6},"end":{"line":308,"column":71}},"159":{"start":{"line":310,"column":4},"end":{"line":310,"column":69}},"160":{"start":{"line":315,"column":0},"end":{"line":350,"column":3}},"161":{"start":{"line":316,"column":21},"end":{"line":316,"column":31}},"162":{"start":{"line":317,"column":15},"end":{"line":317,"column":17}},"163":{"start":{"line":320,"column":25},"end":{"line":320,"column":113}},"164":{"start":{"line":323,"column":23},"end":{"line":323,"column":123}},"165":{"start":{"line":326,"column":2},"end":{"line":349,"column":5}},"166":{"start":{"line":328,"column":6},"end":{"line":331,"column":9}},"167":{"start":{"line":329,"column":8},"end":{"line":330,"column":32}},"168":{"start":{"line":329,"column":17},"end":{"line":329,"column":29}},"169":{"start":{"line":330,"column":13},"end":{"line":330,"column":32}},"170":{"start":{"line":334,"column":6},"end":{"line":337,"column":9}},"171":{"start":{"line":335,"column":8},"end":{"line":336,"column":30}},"172":{"start":{"line":335,"column":17},"end":{"line":335,"column":29}},"173":{"start":{"line":336,"column":13},"end":{"line":336,"column":30}},"174":{"start":{"line":341,"column":4},"end":{"line":344,"column":7}},"175":{"start":{"line":347,"column":4},"end":{"line":347,"column":59}},"176":{"start":{"line":348,"column":4},"end":{"line":348,"column":71}}},"fnMap":{"0":{"name":"(anonymous_0)","decl":{"start":{"line":15,"column":8},"end":{"line":15,"column":9}},"loc":{"start":{"line":15,"column":28},"end":{"line":27,"column":1}},"line":15},"1":{"name":"(anonymous_1)","decl":{"start":{"line":53,"column":11},"end":{"line":53,"column":12}},"loc":{"start":{"line":53,"column":20},"end":{"line":59,"column":1}},"line":53},"2":{"name":"(anonymous_2)","decl":{"start":{"line":63,"column":15},"end":{"line":63,"column":16}},"loc":{"start":{"line":63,"column":34},"end":{"line":69,"column":3}},"line":63},"3":{"name":"(anonymous_3)","decl":{"start":{"line":70,"column":12},"end":{"line":70,"column":13}},"loc":{"start":{"line":70,"column":31},"end":{"line":72,"column":3}},"line":70},"4":{"name":"(anonymous_4)","decl":{"start":{"line":77,"column":22},"end":{"line":77,"column":23}},"loc":{"start":{"line":77,"column":42},"end":{"line":115,"column":1}},"line":77},"5":{"name":"(anonymous_5)","decl":{"start":{"line":86,"column":37},"end":{"line":86,"column":38}},"loc":{"start":{"line":86,"column":61},"end":{"line":114,"column":3}},"line":86},"6":{"name":"(anonymous_6)","decl":{"start":{"line":100,"column":54},"end":{"line":100,"column":55}},"loc":{"start":{"line":100,"column":71},"end":{"line":109,"column":7}},"line":100},"7":{"name":"(anonymous_7)","decl":{"start":{"line":118,"column":19},"end":{"line":118,"column":20}},"loc":{"start":{"line":118,"column":33},"end":{"line":152,"column":1}},"line":118},"8":{"name":"(anonymous_8)","decl":{"start":{"line":126,"column":28},"end":{"line":126,"column":29}},"loc":{"start":{"line":126,"column":52},"end":{"line":151,"column":3}},"line":126},"9":{"name":"(anonymous_9)","decl":{"start":{"line":155,"column":22},"end":{"line":155,"column":23}},"loc":{"start":{"line":155,"column":36},"end":{"line":169,"column":1}},"line":155},"10":{"name":"(anonymous_10)","decl":{"start":{"line":162,"column":78},"end":{"line":162,"column":79}},"loc":{"start":{"line":162,"column":96},"end":{"line":168,"column":3}},"line":162},"11":{"name":"(anonymous_11)","decl":{"start":{"line":173,"column":21},"end":{"line":173,"column":22}},"loc":{"start":{"line":173,"column":35},"end":{"line":182,"column":1}},"line":173},"12":{"name":"(anonymous_12)","decl":{"start":{"line":175,"column":16},"end":{"line":175,"column":17}},"loc":{"start":{"line":175,"column":34},"end":{"line":181,"column":3}},"line":175},"13":{"name":"(anonymous_13)","decl":{"start":{"line":186,"column":25},"end":{"line":186,"column":26}},"loc":{"start":{"line":186,"column":39},"end":{"line":237,"column":1}},"line":186},"14":{"name":"(anonymous_14)","decl":{"start":{"line":225,"column":24},"end":{"line":225,"column":25}},"loc":{"start":{"line":225,"column":42},"end":{"line":236,"column":3}},"line":225},"15":{"name":"(anonymous_15)","decl":{"start":{"line":240,"column":28},"end":{"line":240,"column":29}},"loc":{"start":{"line":240,"column":42},"end":{"line":256,"column":1}},"line":240},"16":{"name":"(anonymous_16)","decl":{"start":{"line":244,"column":22},"end":{"line":244,"column":23}},"loc":{"start":{"line":244,"column":40},"end":{"line":255,"column":3}},"line":244},"17":{"name":"(anonymous_17)","decl":{"start":{"line":259,"column":23},"end":{"line":259,"column":24}},"loc":{"start":{"line":259,"column":37},"end":{"line":270,"column":1}},"line":259},"18":{"name":"(anonymous_18)","decl":{"start":{"line":263,"column":37},"end":{"line":263,"column":38}},"loc":{"start":{"line":263,"column":54},"end":{"line":269,"column":3}},"line":263},"19":{"name":"(anonymous_19)","decl":{"start":{"line":273,"column":25},"end":{"line":273,"column":26}},"loc":{"start":{"line":273,"column":39},"end":{"line":284,"column":1}},"line":273},"20":{"name":"(anonymous_20)","decl":{"start":{"line":277,"column":37},"end":{"line":277,"column":38}},"loc":{"start":{"line":277,"column":54},"end":{"line":283,"column":3}},"line":277},"21":{"name":"(anonymous_21)","decl":{"start":{"line":287,"column":21},"end":{"line":287,"column":22}},"loc":{"start":{"line":287,"column":35},"end":{"line":298,"column":1}},"line":287},"22":{"name":"(anonymous_22)","decl":{"start":{"line":291,"column":62},"end":{"line":291,"column":63}},"loc":{"start":{"line":291,"column":79},"end":{"line":297,"column":3}},"line":291},"23":{"name":"(anonymous_23)","decl":{"start":{"line":301,"column":23},"end":{"line":301,"column":24}},"loc":{"start":{"line":301,"column":37},"end":{"line":312,"column":1}},"line":301},"24":{"name":"(anonymous_24)","decl":{"start":{"line":305,"column":37},"end":{"line":305,"column":38}},"loc":{"start":{"line":305,"column":54},"end":{"line":311,"column":3}},"line":305},"25":{"name":"(anonymous_25)","decl":{"start":{"line":315,"column":30},"end":{"line":315,"column":31}},"loc":{"start":{"line":315,"column":44},"end":{"line":350,"column":1}},"line":315},"26":{"name":"(anonymous_26)","decl":{"start":{"line":327,"column":16},"end":{"line":327,"column":17}},"loc":{"start":{"line":327,"column":37},"end":{"line":332,"column":5}},"line":327},"27":{"name":"(anonymous_27)","decl":{"start":{"line":328,"column":41},"end":{"line":328,"column":42}},"loc":{"start":{"line":328,"column":61},"end":{"line":331,"column":7}},"line":328},"28":{"name":"(anonymous_28)","decl":{"start":{"line":333,"column":16},"end":{"line":333,"column":17}},"loc":{"start":{"line":333,"column":37},"end":{"line":338,"column":5}},"line":333},"29":{"name":"(anonymous_29)","decl":{"start":{"line":334,"column":39},"end":{"line":334,"column":40}},"loc":{"start":{"line":334,"column":57},"end":{"line":337,"column":7}},"line":334},"30":{"name":"(anonymous_30)","decl":{"start":{"line":340,"column":8},"end":{"line":340,"column":9}},"loc":{"start":{"line":340,"column":34},"end":{"line":345,"column":3}},"line":340},"31":{"name":"(anonymous_31)","decl":{"start":{"line":346,"column":9},"end":{"line":346,"column":10}},"loc":{"start":{"line":346,"column":16},"end":{"line":349,"column":3}},"line":346}},"branchMap":{"0":{"loc":{"start":{"line":11,"column":26},"end":{"line":11,"column":50}},"type":"binary-expr","locations":[{"start":{"line":11,"column":26},"end":{"line":11,"column":42}},{"start":{"line":11,"column":46},"end":{"line":11,"column":50}}],"line":11},"1":{"loc":{"start":{"line":22,"column":2},"end":{"line":24,"column":3}},"type":"if","locations":[{"start":{"line":22,"column":2},"end":{"line":24,"column":3}},{"start":{},"end":{}}],"line":22},"2":{"loc":{"start":{"line":54,"column":2},"end":{"line":57,"column":3}},"type":"if","locations":[{"start":{"line":54,"column":2},"end":{"line":57,"column":3}},{"start":{},"end":{}}],"line":54},"3":{"loc":{"start":{"line":65,"column":4},"end":{"line":67,"column":5}},"type":"if","locations":[{"start":{"line":65,"column":4},"end":{"line":67,"column":5}},{"start":{},"end":{}}],"line":65},"4":{"loc":{"start":{"line":80,"column":2},"end":{"line":82,"column":3}},"type":"if","locations":[{"start":{"line":80,"column":2},"end":{"line":82,"column":3}},{"start":{},"end":{}}],"line":80},"5":{"loc":{"start":{"line":80,"column":6},"end":{"line":80,"column":28}},"type":"binary-expr","locations":[{"start":{"line":80,"column":6},"end":{"line":80,"column":15}},{"start":{"line":80,"column":19},"end":{"line":80,"column":28}}],"line":80},"6":{"loc":{"start":{"line":87,"column":4},"end":{"line":90,"column":5}},"type":"if","locations":[{"start":{"line":87,"column":4},"end":{"line":90,"column":5}},{"start":{},"end":{}}],"line":87},"7":{"loc":{"start":{"line":92,"column":4},"end":{"line":94,"column":5}},"type":"if","locations":[{"start":{"line":92,"column":4},"end":{"line":94,"column":5}},{"start":{},"end":{}}],"line":92},"8":{"loc":{"start":{"line":101,"column":8},"end":{"line":104,"column":9}},"type":"if","locations":[{"start":{"line":101,"column":8},"end":{"line":104,"column":9}},{"start":{},"end":{}}],"line":101},"9":{"loc":{"start":{"line":121,"column":2},"end":{"line":123,"column":3}},"type":"if","locations":[{"start":{"line":121,"column":2},"end":{"line":123,"column":3}},{"start":{},"end":{}}],"line":121},"10":{"loc":{"start":{"line":121,"column":6},"end":{"line":121,"column":28}},"type":"binary-expr","locations":[{"start":{"line":121,"column":6},"end":{"line":121,"column":15}},{"start":{"line":121,"column":19},"end":{"line":121,"column":28}}],"line":121},"11":{"loc":{"start":{"line":127,"column":4},"end":{"line":129,"column":5}},"type":"if","locations":[{"start":{"line":127,"column":4},"end":{"line":129,"column":5}},{"start":{},"end":{}}],"line":127},"12":{"loc":{"start":{"line":131,"column":4},"end":{"line":133,"column":5}},"type":"if","locations":[{"start":{"line":131,"column":4},"end":{"line":133,"column":5}},{"start":{},"end":{}}],"line":131},"13":{"loc":{"start":{"line":140,"column":6},"end":{"line":142,"column":7}},"type":"if","locations":[{"start":{"line":140,"column":6},"end":{"line":142,"column":7}},{"start":{},"end":{}}],"line":140},"14":{"loc":{"start":{"line":162,"column":63},"end":{"line":162,"column":75}},"type":"binary-expr","locations":[{"start":{"line":162,"column":63},"end":{"line":162,"column":67}},{"start":{"line":162,"column":71},"end":{"line":162,"column":75}}],"line":162},"15":{"loc":{"start":{"line":163,"column":4},"end":{"line":166,"column":5}},"type":"if","locations":[{"start":{"line":163,"column":4},"end":{"line":166,"column":5}},{"start":{},"end":{}}],"line":163},"16":{"loc":{"start":{"line":176,"column":4},"end":{"line":179,"column":5}},"type":"if","locations":[{"start":{"line":176,"column":4},"end":{"line":179,"column":5}},{"start":{},"end":{}}],"line":176},"17":{"loc":{"start":{"line":197,"column":2},"end":{"line":200,"column":3}},"type":"if","locations":[{"start":{"line":197,"column":2},"end":{"line":200,"column":3}},{"start":{},"end":{}}],"line":197},"18":{"loc":{"start":{"line":201,"column":2},"end":{"line":204,"column":3}},"type":"if","locations":[{"start":{"line":201,"column":2},"end":{"line":204,"column":3}},{"start":{},"end":{}}],"line":201},"19":{"loc":{"start":{"line":205,"column":2},"end":{"line":208,"column":3}},"type":"if","locations":[{"start":{"line":205,"column":2},"end":{"line":208,"column":3}},{"start":{},"end":{}}],"line":205},"20":{"loc":{"start":{"line":209,"column":2},"end":{"line":212,"column":3}},"type":"if","locations":[{"start":{"line":209,"column":2},"end":{"line":212,"column":3}},{"start":{},"end":{}}],"line":209},"21":{"loc":{"start":{"line":213,"column":2},"end":{"line":216,"column":3}},"type":"if","locations":[{"start":{"line":213,"column":2},"end":{"line":216,"column":3}},{"start":{},"end":{}}],"line":213},"22":{"loc":{"start":{"line":217,"column":2},"end":{"line":220,"column":3}},"type":"if","locations":[{"start":{"line":217,"column":2},"end":{"line":220,"column":3}},{"start":{},"end":{}}],"line":217},"23":{"loc":{"start":{"line":226,"column":4},"end":{"line":229,"column":5}},"type":"if","locations":[{"start":{"line":226,"column":4},"end":{"line":229,"column":5}},{"start":{},"end":{}}],"line":226},"24":{"loc":{"start":{"line":231,"column":4},"end":{"line":233,"column":5}},"type":"if","locations":[{"start":{"line":231,"column":4},"end":{"line":233,"column":5}},{"start":{},"end":{}}],"line":231},"25":{"loc":{"start":{"line":245,"column":4},"end":{"line":248,"column":5}},"type":"if","locations":[{"start":{"line":245,"column":4},"end":{"line":248,"column":5}},{"start":{},"end":{}}],"line":245},"26":{"loc":{"start":{"line":250,"column":4},"end":{"line":252,"column":5}},"type":"if","locations":[{"start":{"line":250,"column":4},"end":{"line":252,"column":5}},{"start":{},"end":{}}],"line":250},"27":{"loc":{"start":{"line":264,"column":4},"end":{"line":267,"column":5}},"type":"if","locations":[{"start":{"line":264,"column":4},"end":{"line":267,"column":5}},{"start":{},"end":{}}],"line":264},"28":{"loc":{"start":{"line":278,"column":4},"end":{"line":281,"column":5}},"type":"if","locations":[{"start":{"line":278,"column":4},"end":{"line":281,"column":5}},{"start":{},"end":{}}],"line":278},"29":{"loc":{"start":{"line":291,"column":36},"end":{"line":291,"column":59}},"type":"binary-expr","locations":[{"start":{"line":291,"column":36},"end":{"line":291,"column":45}},{"start":{"line":291,"column":49},"end":{"line":291,"column":59}}],"line":291},"30":{"loc":{"start":{"line":292,"column":4},"end":{"line":295,"column":5}},"type":"if","locations":[{"start":{"line":292,"column":4},"end":{"line":295,"column":5}},{"start":{},"end":{}}],"line":292},"31":{"loc":{"start":{"line":306,"column":4},"end":{"line":309,"column":5}},"type":"if","locations":[{"start":{"line":306,"column":4},"end":{"line":309,"column":5}},{"start":{},"end":{}}],"line":306},"32":{"loc":{"start":{"line":329,"column":8},"end":{"line":330,"column":32}},"type":"if","locations":[{"start":{"line":329,"column":8},"end":{"line":330,"column":32}},{"start":{"line":330,"column":13},"end":{"line":330,"column":32}}],"line":329},"33":{"loc":{"start":{"line":335,"column":8},"end":{"line":336,"column":30}},"type":"if","locations":[{"start":{"line":335,"column":8},"end":{"line":336,"column":30}},{"start":{"line":336,"column":13},"end":{"line":336,"column":30}}],"line":335}},"s":{"0":1,"1":1,"2":1,"3":0,"4":0,"5":0,"6":0,"7":0,"8":0,"9":0,"10":1,"11":1,"12":1,"13":1,"14":1,"15":1,"16":1,"17":0,"18":0,"19":0,"20":0,"21":1,"22":0,"23":0,"24":0,"25":0,"26":0,"27":1,"28":1,"29":0,"30":0,"31":0,"32":0,"33":0,"34":0,"35":0,"36":0,"37":0,"38":0,"39":0,"40":0,"41":0,"42":0,"43":0,"44":0,"45":0,"46":0,"47":0,"48":0,"49":1,"50":0,"51":0,"52":0,"53":0,"54":0,"55":0,"56":0,"57":0,"58":0,"59":0,"60":0,"61":0,"62":0,"63":0,"64":0,"65":0,"66":0,"67":1,"68":0,"69":0,"70":0,"71":0,"72":0,"73":0,"74":0,"75":0,"76":0,"77":1,"78":0,"79":0,"80":0,"81":0,"82":0,"83":0,"84":1,"85":0,"86":0,"87":0,"88":0,"89":0,"90":0,"91":0,"92":0,"93":0,"94":0,"95":0,"96":0,"97":0,"98":0,"99":0,"100":0,"101":0,"102":0,"103":0,"104":0,"105":0,"106":0,"107":0,"108":0,"109":0,"110":0,"111":0,"112":0,"113":0,"114":0,"115":0,"116":0,"117":0,"118":1,"119":0,"120":0,"121":0,"122":0,"123":0,"124":0,"125":0,"126":0,"127":0,"128":1,"129":0,"130":0,"131":0,"132":0,"133":0,"134":0,"135":0,"136":1,"137":0,"138":0,"139":0,"140":0,"141":0,"142":0,"143":0,"144":1,"145":0,"146":0,"147":0,"148":0,"149":0,"150":0,"151":0,"152":1,"153":0,"154":0,"155":0,"156":0,"157":0,"158":0,"159":0,"160":1,"161":0,"162":0,"163":0,"164":0,"165":0,"166":0,"167":0,"168":0,"169":0,"170":0,"171":0,"172":0,"173":0,"174":0,"175":0,"176":0},"f":{"0":0,"1":0,"2":0,"3":0,"4":0,"5":0,"6":0,"7":0,"8":0,"9":0,"10":0,"11":0,"12":0,"13":0,"14":0,"15":0,"16":0,"17":0,"18":0,"19":0,"20":0,"21":0,"22":0,"23":0,"24":0,"25":0,"26":0,"27":0,"28":0,"29":0,"30":0,"31":0},"b":{"0":[1,1],"1":[0,0],"2":[0,0],"3":[0,0],"4":[0,0],"5":[0,0],"6":[0,0],"7":[0,0],"8":[0,0],"9":[0,0],"10":[0,0],"11":[0,0],"12":[0,0],"13":[0,0],"14":[0,0],"15":[0,0],"16":[0,0],"17":[0,0],"18":[0,0],"19":[0,0],"20":[0,0],"21":[0,0],"22":[0,0],"23":[0,0],"24":[0,0],"25":[0,0],"26":[0,0],"27":[0,0],"28":[0,0],"29":[0,0],"30":[0,0],"31":[0,0],"32":[0,0],"33":[0,0]},"inputSourceMap":null,"_coverageSchema":"1a1c01bbd47fc00a2c39e90264f33305004495a9","hash":"fb0fe095a2ef7dba6bcc008023917bb8a7584375"}
}
